+ KFIOC_HAS_NEW_BLOCK_METHODS KFIOC_HAS_NEW_BLOCK_METHODS
+ local test_flag=KFIOC_HAS_NEW_BLOCK_METHODS
+ local test_code=
#include <linux/fs.h>
#include <linux/blkdev.h>

int myfunc(struct block_device *bdev, fmode_t mode){
    return 0;
}

struct block_device_operations testops = {
    .open = myfunc
};

+ kfioc_test 
#include <linux/fs.h>
#include <linux/blkdev.h>

int myfunc(struct block_device *bdev, fmode_t mode){
    return 0;
}

struct block_device_operations testops = {
    .open = myfunc
};
 KFIOC_HAS_NEW_BLOCK_METHODS 1 -Werror
+ local code=
#include <linux/module.h>

#include <linux/fs.h>
#include <linux/blkdev.h>

int myfunc(struct block_device *bdev, fmode_t mode){
    return 0;
}

struct block_device_operations testops = {
    .open = myfunc
};


+ local kfioc_flag=KFIOC_HAS_NEW_BLOCK_METHODS
+ local positive_result=1
+ local cflags=-Werror
+ local test_dir=/home/promise/bin/fio/iomemory-vsl-3.2.10.1509/driver_source/kfio_config/KFIOC_HAS_NEW_BLOCK_METHODS
+ local result=0
+ local license=
MODULE_LICENSE("Proprietary");

+ mkdir -p /home/promise/bin/fio/iomemory-vsl-3.2.10.1509/driver_source/kfio_config/KFIOC_HAS_NEW_BLOCK_METHODS
+ fio_create_makefile KFIOC_HAS_NEW_BLOCK_METHODS -Werror
+ local kfioc_flag=KFIOC_HAS_NEW_BLOCK_METHODS
+ local extra_cflags=-Werror
+ cat
+ echo 
#include <linux/module.h>

#include <linux/fs.h>
#include <linux/blkdev.h>

int myfunc(struct block_device *bdev, fmode_t mode){
    return 0;
}

struct block_device_operations testops = {
    .open = myfunc
};


+ [ 1 -eq 0 ]
+ echo 
MODULE_LICENSE("Proprietary");

+ [ 1 -eq 0 ]
+ env -i PATH=/home/promise/.nvm/versions/node/v0.12.4/bin:/home/promise/Android/Sdk/platform-tools:/home/promise/.pyenv/shims:/home/promise/.pyenv/bin:/opt/jdk/jdk1.8.0_45/bin:/home/promise/bin:/usr/local/sbin:/usr/local/bin:/usr/sbin:/usr/bin:/sbin:/bin:/usr/games:/usr/local/games:/home/promise/.rvm/bin:/home/promise/.rvm/bin make -C /home/promise/bin/fio/iomemory-vsl-3.2.10.1509/driver_source/kfio_config/KFIOC_HAS_NEW_BLOCK_METHODS V=1
+ set_kfioc_status KFIOC_HAS_NEW_BLOCK_METHODS 0 exit
+ local kfioc_flag=KFIOC_HAS_NEW_BLOCK_METHODS
+ local value=0
+ local file=exit
+ shift 3
+ mkdir -p /home/promise/bin/fio/iomemory-vsl-3.2.10.1509/driver_source/kfio_config/KFIOC_HAS_NEW_BLOCK_METHODS
+ printf %s\n 0
+ mv /home/promise/bin/fio/iomemory-vsl-3.2.10.1509/driver_source/kfio_config/KFIOC_HAS_NEW_BLOCK_METHODS/exit.tmp /home/promise/bin/fio/iomemory-vsl-3.2.10.1509/driver_source/kfio_config/KFIOC_HAS_NEW_BLOCK_METHODS/exit
+ local myflag=1
+ [ 0 != 0 ]
+ set_kfioc_status KFIOC_HAS_NEW_BLOCK_METHODS 1 result
+ local kfioc_flag=KFIOC_HAS_NEW_BLOCK_METHODS
+ local value=1
+ local file=result
+ shift 3
+ mkdir -p /home/promise/bin/fio/iomemory-vsl-3.2.10.1509/driver_source/kfio_config/KFIOC_HAS_NEW_BLOCK_METHODS
+ printf %s\n 1
+ mv /home/promise/bin/fio/iomemory-vsl-3.2.10.1509/driver_source/kfio_config/KFIOC_HAS_NEW_BLOCK_METHODS/result.tmp /home/promise/bin/fio/iomemory-vsl-3.2.10.1509/driver_source/kfio_config/KFIOC_HAS_NEW_BLOCK_METHODS/result
