+ KFIOC_HAS_INFLIGHT_RW_ATOMIC KFIOC_HAS_INFLIGHT_RW_ATOMIC
+ local test_flag=KFIOC_HAS_INFLIGHT_RW_ATOMIC
+ local test_code=
#include <linux/blkdev.h>
#include <linux/atomic.h>
void kfioc_has_inflight_rw_atomic(void)
{
    struct gendisk gd;
    atomic_set(&gd.part0.in_flight[0], 0);
}

+ kfioc_test 
#include <linux/blkdev.h>
#include <linux/atomic.h>
void kfioc_has_inflight_rw_atomic(void)
{
    struct gendisk gd;
    atomic_set(&gd.part0.in_flight[0], 0);
}
 KFIOC_HAS_INFLIGHT_RW_ATOMIC 1 -Werror
+ local code=
#include <linux/module.h>

#include <linux/blkdev.h>
#include <linux/atomic.h>
void kfioc_has_inflight_rw_atomic(void)
{
    struct gendisk gd;
    atomic_set(&gd.part0.in_flight[0], 0);
}


+ local kfioc_flag=KFIOC_HAS_INFLIGHT_RW_ATOMIC
+ local positive_result=1
+ local cflags=-Werror
+ local test_dir=/home/promise/bin/fio/iomemory-vsl-3.2.10.1509/driver_source/kfio_config/KFIOC_HAS_INFLIGHT_RW_ATOMIC
+ local result=0
+ local license=
MODULE_LICENSE("Proprietary");

+ mkdir -p /home/promise/bin/fio/iomemory-vsl-3.2.10.1509/driver_source/kfio_config/KFIOC_HAS_INFLIGHT_RW_ATOMIC
+ fio_create_makefile KFIOC_HAS_INFLIGHT_RW_ATOMIC -Werror
+ local kfioc_flag=KFIOC_HAS_INFLIGHT_RW_ATOMIC
+ local extra_cflags=-Werror
+ cat
+ echo 
#include <linux/module.h>

#include <linux/blkdev.h>
#include <linux/atomic.h>
void kfioc_has_inflight_rw_atomic(void)
{
    struct gendisk gd;
    atomic_set(&gd.part0.in_flight[0], 0);
}


+ [ 1 -eq 0 ]
+ echo 
MODULE_LICENSE("Proprietary");

+ [ 1 -eq 0 ]
+ env -i PATH=/home/promise/.nvm/versions/node/v0.12.4/bin:/home/promise/Android/Sdk/platform-tools:/home/promise/.pyenv/shims:/home/promise/.pyenv/bin:/opt/jdk/jdk1.8.0_45/bin:/home/promise/bin:/usr/local/sbin:/usr/local/bin:/usr/sbin:/usr/bin:/sbin:/bin:/usr/games:/usr/local/games:/home/promise/.rvm/bin:/home/promise/.rvm/bin make -C /home/promise/bin/fio/iomemory-vsl-3.2.10.1509/driver_source/kfio_config/KFIOC_HAS_INFLIGHT_RW_ATOMIC V=1
+ set_kfioc_status KFIOC_HAS_INFLIGHT_RW_ATOMIC 0 exit
+ local kfioc_flag=KFIOC_HAS_INFLIGHT_RW_ATOMIC
+ local value=0
+ local file=exit
+ shift 3
+ mkdir -p /home/promise/bin/fio/iomemory-vsl-3.2.10.1509/driver_source/kfio_config/KFIOC_HAS_INFLIGHT_RW_ATOMIC
+ printf %s\n 0
+ mv /home/promise/bin/fio/iomemory-vsl-3.2.10.1509/driver_source/kfio_config/KFIOC_HAS_INFLIGHT_RW_ATOMIC/exit.tmp /home/promise/bin/fio/iomemory-vsl-3.2.10.1509/driver_source/kfio_config/KFIOC_HAS_INFLIGHT_RW_ATOMIC/exit
+ local myflag=1
+ [ 0 != 0 ]
+ set_kfioc_status KFIOC_HAS_INFLIGHT_RW_ATOMIC 1 result
+ local kfioc_flag=KFIOC_HAS_INFLIGHT_RW_ATOMIC
+ local value=1
+ local file=result
+ shift 3
+ mkdir -p /home/promise/bin/fio/iomemory-vsl-3.2.10.1509/driver_source/kfio_config/KFIOC_HAS_INFLIGHT_RW_ATOMIC
+ printf %s\n 1
+ mv /home/promise/bin/fio/iomemory-vsl-3.2.10.1509/driver_source/kfio_config/KFIOC_HAS_INFLIGHT_RW_ATOMIC/result.tmp /home/promise/bin/fio/iomemory-vsl-3.2.10.1509/driver_source/kfio_config/KFIOC_HAS_INFLIGHT_RW_ATOMIC/result
