+ KFIOC_HAS_ELV_DEQUEUE_REQUEST KFIOC_HAS_ELV_DEQUEUE_REQUEST
+ local test_flag=KFIOC_HAS_ELV_DEQUEUE_REQUEST
+ local test_code=
#include <linux/version.h>
#if LINUX_VERSION_CODE > KERNEL_VERSION(2,6,24)
#error elv_dequeue_request is either GPL or doesnt exist
#endif

+ kfioc_test 
#include <linux/version.h>
#if LINUX_VERSION_CODE > KERNEL_VERSION(2,6,24)
#error elv_dequeue_request is either GPL or doesnt exist
#endif
 KFIOC_HAS_ELV_DEQUEUE_REQUEST 1
+ local code=
#include <linux/module.h>

#include <linux/version.h>
#if LINUX_VERSION_CODE > KERNEL_VERSION(2,6,24)
#error elv_dequeue_request is either GPL or doesnt exist
#endif


+ local kfioc_flag=KFIOC_HAS_ELV_DEQUEUE_REQUEST
+ local positive_result=1
+ local cflags=
+ local test_dir=/home/promise/bin/fio/iomemory-vsl-3.2.10.1509/driver_source/kfio_config/KFIOC_HAS_ELV_DEQUEUE_REQUEST
+ local result=0
+ local license=
MODULE_LICENSE("Proprietary");

+ mkdir -p /home/promise/bin/fio/iomemory-vsl-3.2.10.1509/driver_source/kfio_config/KFIOC_HAS_ELV_DEQUEUE_REQUEST
+ fio_create_makefile KFIOC_HAS_ELV_DEQUEUE_REQUEST 
+ local kfioc_flag=KFIOC_HAS_ELV_DEQUEUE_REQUEST
+ local extra_cflags=
+ cat
+ echo 
#include <linux/module.h>

#include <linux/version.h>
#if LINUX_VERSION_CODE > KERNEL_VERSION(2,6,24)
#error elv_dequeue_request is either GPL or doesnt exist
#endif


+ [ 1 -eq 0 ]
+ echo 
MODULE_LICENSE("Proprietary");

+ [ 1 -eq 0 ]
+ env -i PATH=/home/promise/.nvm/versions/node/v0.12.4/bin:/home/promise/Android/Sdk/platform-tools:/home/promise/.pyenv/shims:/home/promise/.pyenv/bin:/opt/jdk/jdk1.8.0_45/bin:/home/promise/bin:/usr/local/sbin:/usr/local/bin:/usr/sbin:/usr/bin:/sbin:/bin:/usr/games:/usr/local/games:/home/promise/.rvm/bin:/home/promise/.rvm/bin make -C /home/promise/bin/fio/iomemory-vsl-3.2.10.1509/driver_source/kfio_config/KFIOC_HAS_ELV_DEQUEUE_REQUEST V=1
+ result=2
+ set_kfioc_status KFIOC_HAS_ELV_DEQUEUE_REQUEST 2 exit
+ local kfioc_flag=KFIOC_HAS_ELV_DEQUEUE_REQUEST
+ local value=2
+ local file=exit
+ shift 3
+ mkdir -p /home/promise/bin/fio/iomemory-vsl-3.2.10.1509/driver_source/kfio_config/KFIOC_HAS_ELV_DEQUEUE_REQUEST
+ printf %s\n 2
+ mv /home/promise/bin/fio/iomemory-vsl-3.2.10.1509/driver_source/kfio_config/KFIOC_HAS_ELV_DEQUEUE_REQUEST/exit.tmp /home/promise/bin/fio/iomemory-vsl-3.2.10.1509/driver_source/kfio_config/KFIOC_HAS_ELV_DEQUEUE_REQUEST/exit
+ local myflag=1
+ [ 2 != 0 ]
+ myflag=0
+ set_kfioc_status KFIOC_HAS_ELV_DEQUEUE_REQUEST 0 result
+ local kfioc_flag=KFIOC_HAS_ELV_DEQUEUE_REQUEST
+ local value=0
+ local file=result
+ shift 3
+ mkdir -p /home/promise/bin/fio/iomemory-vsl-3.2.10.1509/driver_source/kfio_config/KFIOC_HAS_ELV_DEQUEUE_REQUEST
+ printf %s\n 0
+ mv /home/promise/bin/fio/iomemory-vsl-3.2.10.1509/driver_source/kfio_config/KFIOC_HAS_ELV_DEQUEUE_REQUEST/result.tmp /home/promise/bin/fio/iomemory-vsl-3.2.10.1509/driver_source/kfio_config/KFIOC_HAS_ELV_DEQUEUE_REQUEST/result
