+ KFIOC_PCI_HAS_NUMA_INFO KFIOC_PCI_HAS_NUMA_INFO
+ local test_flag=KFIOC_PCI_HAS_NUMA_INFO
+ local test_code=
#include <linux/pci.h>
#include <linux/device.h>
int kfioc_pci_has_numa_info(void)
{
    struct pci_dev pdev = { };

    return dev_to_node(&pdev.dev);
}

+ kfioc_test 
#include <linux/pci.h>
#include <linux/device.h>
int kfioc_pci_has_numa_info(void)
{
    struct pci_dev pdev = { };

    return dev_to_node(&pdev.dev);
}
 KFIOC_PCI_HAS_NUMA_INFO 1 -Werror
+ local code=
#include <linux/module.h>

#include <linux/pci.h>
#include <linux/device.h>
int kfioc_pci_has_numa_info(void)
{
    struct pci_dev pdev = { };

    return dev_to_node(&pdev.dev);
}


+ local kfioc_flag=KFIOC_PCI_HAS_NUMA_INFO
+ local positive_result=1
+ local cflags=-Werror
+ local test_dir=/home/promise/bin/fio/iomemory-vsl-3.2.10.1509/driver_source/kfio_config/KFIOC_PCI_HAS_NUMA_INFO
+ local result=0
+ local license=
MODULE_LICENSE("Proprietary");

+ mkdir -p /home/promise/bin/fio/iomemory-vsl-3.2.10.1509/driver_source/kfio_config/KFIOC_PCI_HAS_NUMA_INFO
+ fio_create_makefile KFIOC_PCI_HAS_NUMA_INFO -Werror
+ local kfioc_flag=KFIOC_PCI_HAS_NUMA_INFO
+ local extra_cflags=-Werror
+ cat
+ echo 
#include <linux/module.h>

#include <linux/pci.h>
#include <linux/device.h>
int kfioc_pci_has_numa_info(void)
{
    struct pci_dev pdev = { };

    return dev_to_node(&pdev.dev);
}


+ [ 1 -eq 0 ]
+ echo 
MODULE_LICENSE("Proprietary");

+ [ 1 -eq 0 ]
+ env -i PATH=/home/promise/.nvm/versions/node/v0.12.4/bin:/home/promise/Android/Sdk/platform-tools:/home/promise/.pyenv/shims:/home/promise/.pyenv/bin:/opt/jdk/jdk1.8.0_45/bin:/home/promise/bin:/usr/local/sbin:/usr/local/bin:/usr/sbin:/usr/bin:/sbin:/bin:/usr/games:/usr/local/games:/home/promise/.rvm/bin:/home/promise/.rvm/bin make -C /home/promise/bin/fio/iomemory-vsl-3.2.10.1509/driver_source/kfio_config/KFIOC_PCI_HAS_NUMA_INFO V=1
+ set_kfioc_status KFIOC_PCI_HAS_NUMA_INFO 0 exit
+ local kfioc_flag=KFIOC_PCI_HAS_NUMA_INFO
+ local value=0
+ local file=exit
+ shift 3
+ mkdir -p /home/promise/bin/fio/iomemory-vsl-3.2.10.1509/driver_source/kfio_config/KFIOC_PCI_HAS_NUMA_INFO
+ printf %s\n 0
+ mv /home/promise/bin/fio/iomemory-vsl-3.2.10.1509/driver_source/kfio_config/KFIOC_PCI_HAS_NUMA_INFO/exit.tmp /home/promise/bin/fio/iomemory-vsl-3.2.10.1509/driver_source/kfio_config/KFIOC_PCI_HAS_NUMA_INFO/exit
+ local myflag=1
+ [ 0 != 0 ]
+ set_kfioc_status KFIOC_PCI_HAS_NUMA_INFO 1 result
+ local kfioc_flag=KFIOC_PCI_HAS_NUMA_INFO
+ local value=1
+ local file=result
+ shift 3
+ mkdir -p /home/promise/bin/fio/iomemory-vsl-3.2.10.1509/driver_source/kfio_config/KFIOC_PCI_HAS_NUMA_INFO
+ printf %s\n 1
+ mv /home/promise/bin/fio/iomemory-vsl-3.2.10.1509/driver_source/kfio_config/KFIOC_PCI_HAS_NUMA_INFO/result.tmp /home/promise/bin/fio/iomemory-vsl-3.2.10.1509/driver_source/kfio_config/KFIOC_PCI_HAS_NUMA_INFO/result
