+ KFIOC_HAS_SCSI_SG_FNS KFIOC_HAS_SCSI_SG_FNS
+ local test_flag=KFIOC_HAS_SCSI_SG_FNS
+ local test_code=
#include <scsi/scsi_cmnd.h>
struct scatterlist;

void kfioc_has_scsi_sg_fns(void)
{
    struct scsi_cmnd *scmd = NULL;
    struct scatterlist *one = scsi_sglist(scmd);
    unsigned two = scsi_sg_count(scmd);
}

+ kfioc_test 
#include <scsi/scsi_cmnd.h>
struct scatterlist;

void kfioc_has_scsi_sg_fns(void)
{
    struct scsi_cmnd *scmd = NULL;
    struct scatterlist *one = scsi_sglist(scmd);
    unsigned two = scsi_sg_count(scmd);
}
 KFIOC_HAS_SCSI_SG_FNS 1 -Werror-implicit-function-declaration
+ local code=
#include <linux/module.h>

#include <scsi/scsi_cmnd.h>
struct scatterlist;

void kfioc_has_scsi_sg_fns(void)
{
    struct scsi_cmnd *scmd = NULL;
    struct scatterlist *one = scsi_sglist(scmd);
    unsigned two = scsi_sg_count(scmd);
}


+ local kfioc_flag=KFIOC_HAS_SCSI_SG_FNS
+ local positive_result=1
+ local cflags=-Werror-implicit-function-declaration
+ local test_dir=/home/promise/bin/fio/iomemory-vsl-3.2.10.1509/driver_source/kfio_config/KFIOC_HAS_SCSI_SG_FNS
+ local result=0
+ local license=
MODULE_LICENSE("Proprietary");

+ mkdir -p /home/promise/bin/fio/iomemory-vsl-3.2.10.1509/driver_source/kfio_config/KFIOC_HAS_SCSI_SG_FNS
+ fio_create_makefile KFIOC_HAS_SCSI_SG_FNS -Werror-implicit-function-declaration
+ local kfioc_flag=KFIOC_HAS_SCSI_SG_FNS
+ local extra_cflags=-Werror-implicit-function-declaration
+ cat
+ echo 
#include <linux/module.h>

#include <scsi/scsi_cmnd.h>
struct scatterlist;

void kfioc_has_scsi_sg_fns(void)
{
    struct scsi_cmnd *scmd = NULL;
    struct scatterlist *one = scsi_sglist(scmd);
    unsigned two = scsi_sg_count(scmd);
}


+ [ 1 -eq 0 ]
+ echo 
MODULE_LICENSE("Proprietary");

+ [ 1 -eq 0 ]
+ env -i PATH=/home/promise/.nvm/versions/node/v0.12.4/bin:/home/promise/Android/Sdk/platform-tools:/home/promise/.pyenv/shims:/home/promise/.pyenv/bin:/opt/jdk/jdk1.8.0_45/bin:/home/promise/bin:/usr/local/sbin:/usr/local/bin:/usr/sbin:/usr/bin:/sbin:/bin:/usr/games:/usr/local/games:/home/promise/.rvm/bin:/home/promise/.rvm/bin make -C /home/promise/bin/fio/iomemory-vsl-3.2.10.1509/driver_source/kfio_config/KFIOC_HAS_SCSI_SG_FNS V=1
+ set_kfioc_status KFIOC_HAS_SCSI_SG_FNS 0 exit
+ local kfioc_flag=KFIOC_HAS_SCSI_SG_FNS
+ local value=0
+ local file=exit
+ shift 3
+ mkdir -p /home/promise/bin/fio/iomemory-vsl-3.2.10.1509/driver_source/kfio_config/KFIOC_HAS_SCSI_SG_FNS
+ printf %s\n 0
+ mv /home/promise/bin/fio/iomemory-vsl-3.2.10.1509/driver_source/kfio_config/KFIOC_HAS_SCSI_SG_FNS/exit.tmp /home/promise/bin/fio/iomemory-vsl-3.2.10.1509/driver_source/kfio_config/KFIOC_HAS_SCSI_SG_FNS/exit
+ local myflag=1
+ [ 0 != 0 ]
+ set_kfioc_status KFIOC_HAS_SCSI_SG_FNS 1 result
+ local kfioc_flag=KFIOC_HAS_SCSI_SG_FNS
+ local value=1
+ local file=result
+ shift 3
+ mkdir -p /home/promise/bin/fio/iomemory-vsl-3.2.10.1509/driver_source/kfio_config/KFIOC_HAS_SCSI_SG_FNS
+ printf %s\n 1
+ mv /home/promise/bin/fio/iomemory-vsl-3.2.10.1509/driver_source/kfio_config/KFIOC_HAS_SCSI_SG_FNS/result.tmp /home/promise/bin/fio/iomemory-vsl-3.2.10.1509/driver_source/kfio_config/KFIOC_HAS_SCSI_SG_FNS/result
