+ KFIOC_SGLIST_NEW_API KFIOC_SGLIST_NEW_API
+ local test_flag=KFIOC_SGLIST_NEW_API
+ local test_code=
#include <linux/scatterlist.h>
void support_sglist_new_api(void)
{
    struct scatterlist *sl = NULL;

    sg_set_page(sl, sg_page(sl), 0, 0);
}

+ kfioc_test 
#include <linux/scatterlist.h>
void support_sglist_new_api(void)
{
    struct scatterlist *sl = NULL;

    sg_set_page(sl, sg_page(sl), 0, 0);
}
 KFIOC_SGLIST_NEW_API 1 -Werror
+ local code=
#include <linux/module.h>

#include <linux/scatterlist.h>
void support_sglist_new_api(void)
{
    struct scatterlist *sl = NULL;

    sg_set_page(sl, sg_page(sl), 0, 0);
}


+ local kfioc_flag=KFIOC_SGLIST_NEW_API
+ local positive_result=1
+ local cflags=-Werror
+ local test_dir=/home/promise/bin/fio/iomemory-vsl-3.2.10.1509/driver_source/kfio_config/KFIOC_SGLIST_NEW_API
+ local result=0
+ local license=
MODULE_LICENSE("Proprietary");

+ mkdir -p /home/promise/bin/fio/iomemory-vsl-3.2.10.1509/driver_source/kfio_config/KFIOC_SGLIST_NEW_API
+ fio_create_makefile KFIOC_SGLIST_NEW_API -Werror
+ local kfioc_flag=KFIOC_SGLIST_NEW_API
+ local extra_cflags=-Werror
+ cat
+ echo 
#include <linux/module.h>

#include <linux/scatterlist.h>
void support_sglist_new_api(void)
{
    struct scatterlist *sl = NULL;

    sg_set_page(sl, sg_page(sl), 0, 0);
}


+ [ 1 -eq 0 ]
+ echo 
MODULE_LICENSE("Proprietary");

+ [ 1 -eq 0 ]
+ env -i PATH=/home/promise/.nvm/versions/node/v0.12.4/bin:/home/promise/Android/Sdk/platform-tools:/home/promise/.pyenv/shims:/home/promise/.pyenv/bin:/opt/jdk/jdk1.8.0_45/bin:/home/promise/bin:/usr/local/sbin:/usr/local/bin:/usr/sbin:/usr/bin:/sbin:/bin:/usr/games:/usr/local/games:/home/promise/.rvm/bin:/home/promise/.rvm/bin make -C /home/promise/bin/fio/iomemory-vsl-3.2.10.1509/driver_source/kfio_config/KFIOC_SGLIST_NEW_API V=1
+ set_kfioc_status KFIOC_SGLIST_NEW_API 0 exit
+ local kfioc_flag=KFIOC_SGLIST_NEW_API
+ local value=0
+ local file=exit
+ shift 3
+ mkdir -p /home/promise/bin/fio/iomemory-vsl-3.2.10.1509/driver_source/kfio_config/KFIOC_SGLIST_NEW_API
+ printf %s\n 0
+ mv /home/promise/bin/fio/iomemory-vsl-3.2.10.1509/driver_source/kfio_config/KFIOC_SGLIST_NEW_API/exit.tmp /home/promise/bin/fio/iomemory-vsl-3.2.10.1509/driver_source/kfio_config/KFIOC_SGLIST_NEW_API/exit
+ local myflag=1
+ [ 0 != 0 ]
+ set_kfioc_status KFIOC_SGLIST_NEW_API 1 result
+ local kfioc_flag=KFIOC_SGLIST_NEW_API
+ local value=1
+ local file=result
+ shift 3
+ mkdir -p /home/promise/bin/fio/iomemory-vsl-3.2.10.1509/driver_source/kfio_config/KFIOC_SGLIST_NEW_API
+ printf %s\n 1
+ mv /home/promise/bin/fio/iomemory-vsl-3.2.10.1509/driver_source/kfio_config/KFIOC_SGLIST_NEW_API/result.tmp /home/promise/bin/fio/iomemory-vsl-3.2.10.1509/driver_source/kfio_config/KFIOC_SGLIST_NEW_API/result
