+ KFIOC_KMEM_CACHE_CREATE_REMOVED_DTOR KFIOC_KMEM_CACHE_CREATE_REMOVED_DTOR
+ local test_flag=KFIOC_KMEM_CACHE_CREATE_REMOVED_DTOR
+ local test_code=
#include <linux/slab.h>
    
void kfioc_test_kmem_cache_create(void) {
    kmem_cache_create("foo", 0, 0, 0, NULL);
}

+ kfioc_test 
#include <linux/slab.h>
    
void kfioc_test_kmem_cache_create(void) {
    kmem_cache_create("foo", 0, 0, 0, NULL);
}
 KFIOC_KMEM_CACHE_CREATE_REMOVED_DTOR 1
+ local code=
#include <linux/module.h>

#include <linux/slab.h>
    
void kfioc_test_kmem_cache_create(void) {
    kmem_cache_create("foo", 0, 0, 0, NULL);
}


+ local kfioc_flag=KFIOC_KMEM_CACHE_CREATE_REMOVED_DTOR
+ local positive_result=1
+ local cflags=
+ local test_dir=/home/promise/bin/fio/iomemory-vsl-3.2.10.1509/driver_source/kfio_config/KFIOC_KMEM_CACHE_CREATE_REMOVED_DTOR
+ local result=0
+ local license=
MODULE_LICENSE("Proprietary");

+ mkdir -p /home/promise/bin/fio/iomemory-vsl-3.2.10.1509/driver_source/kfio_config/KFIOC_KMEM_CACHE_CREATE_REMOVED_DTOR
+ fio_create_makefile KFIOC_KMEM_CACHE_CREATE_REMOVED_DTOR 
+ local kfioc_flag=KFIOC_KMEM_CACHE_CREATE_REMOVED_DTOR
+ local extra_cflags=
+ cat
+ echo 
#include <linux/module.h>

#include <linux/slab.h>
    
void kfioc_test_kmem_cache_create(void) {
    kmem_cache_create("foo", 0, 0, 0, NULL);
}


+ [ 1 -eq 0 ]
+ echo 
MODULE_LICENSE("Proprietary");

+ [ 1 -eq 0 ]
+ env -i PATH=/home/promise/.nvm/versions/node/v0.12.4/bin:/home/promise/Android/Sdk/platform-tools:/home/promise/.pyenv/shims:/home/promise/.pyenv/bin:/opt/jdk/jdk1.8.0_45/bin:/home/promise/bin:/usr/local/sbin:/usr/local/bin:/usr/sbin:/usr/bin:/sbin:/bin:/usr/games:/usr/local/games:/home/promise/.rvm/bin:/home/promise/.rvm/bin make -C /home/promise/bin/fio/iomemory-vsl-3.2.10.1509/driver_source/kfio_config/KFIOC_KMEM_CACHE_CREATE_REMOVED_DTOR V=1
+ set_kfioc_status KFIOC_KMEM_CACHE_CREATE_REMOVED_DTOR 0 exit
+ local kfioc_flag=KFIOC_KMEM_CACHE_CREATE_REMOVED_DTOR
+ local value=0
+ local file=exit
+ shift 3
+ mkdir -p /home/promise/bin/fio/iomemory-vsl-3.2.10.1509/driver_source/kfio_config/KFIOC_KMEM_CACHE_CREATE_REMOVED_DTOR
+ printf %s\n 0
+ mv /home/promise/bin/fio/iomemory-vsl-3.2.10.1509/driver_source/kfio_config/KFIOC_KMEM_CACHE_CREATE_REMOVED_DTOR/exit.tmp /home/promise/bin/fio/iomemory-vsl-3.2.10.1509/driver_source/kfio_config/KFIOC_KMEM_CACHE_CREATE_REMOVED_DTOR/exit
+ local myflag=1
+ [ 0 != 0 ]
+ set_kfioc_status KFIOC_KMEM_CACHE_CREATE_REMOVED_DTOR 1 result
+ local kfioc_flag=KFIOC_KMEM_CACHE_CREATE_REMOVED_DTOR
+ local value=1
+ local file=result
+ shift 3
+ mkdir -p /home/promise/bin/fio/iomemory-vsl-3.2.10.1509/driver_source/kfio_config/KFIOC_KMEM_CACHE_CREATE_REMOVED_DTOR
+ printf %s\n 1
+ mv /home/promise/bin/fio/iomemory-vsl-3.2.10.1509/driver_source/kfio_config/KFIOC_KMEM_CACHE_CREATE_REMOVED_DTOR/result.tmp /home/promise/bin/fio/iomemory-vsl-3.2.10.1509/driver_source/kfio_config/KFIOC_KMEM_CACHE_CREATE_REMOVED_DTOR/result
