+ KFIOC_TASK_HAS_NR_CPUS_ALLOWED KFIOC_TASK_HAS_NR_CPUS_ALLOWED
+ local test_flag=KFIOC_TASK_HAS_NR_CPUS_ALLOWED
+ local test_code=
#include <linux/sched.h>
void kfioc_check_task_has_nr_cpus_allowed(void)
{
    struct task_struct *tsk = NULL;
    tsk->rt.nr_cpus_allowed = 0;
}

+ kfioc_test 
#include <linux/sched.h>
void kfioc_check_task_has_nr_cpus_allowed(void)
{
    struct task_struct *tsk = NULL;
    tsk->rt.nr_cpus_allowed = 0;
}
 KFIOC_TASK_HAS_NR_CPUS_ALLOWED 1 -Werror
+ local code=
#include <linux/module.h>

#include <linux/sched.h>
void kfioc_check_task_has_nr_cpus_allowed(void)
{
    struct task_struct *tsk = NULL;
    tsk->rt.nr_cpus_allowed = 0;
}


+ local kfioc_flag=KFIOC_TASK_HAS_NR_CPUS_ALLOWED
+ local positive_result=1
+ local cflags=-Werror
+ local test_dir=/home/promise/bin/fio/iomemory-vsl-3.2.10.1509/driver_source/kfio_config/KFIOC_TASK_HAS_NR_CPUS_ALLOWED
+ local result=0
+ local license=
MODULE_LICENSE("Proprietary");

+ mkdir -p /home/promise/bin/fio/iomemory-vsl-3.2.10.1509/driver_source/kfio_config/KFIOC_TASK_HAS_NR_CPUS_ALLOWED
+ fio_create_makefile KFIOC_TASK_HAS_NR_CPUS_ALLOWED -Werror
+ local kfioc_flag=KFIOC_TASK_HAS_NR_CPUS_ALLOWED
+ local extra_cflags=-Werror
+ cat
+ echo 
#include <linux/module.h>

#include <linux/sched.h>
void kfioc_check_task_has_nr_cpus_allowed(void)
{
    struct task_struct *tsk = NULL;
    tsk->rt.nr_cpus_allowed = 0;
}


+ [ 1 -eq 0 ]
+ echo 
MODULE_LICENSE("Proprietary");

+ [ 1 -eq 0 ]
+ env -i PATH=/home/promise/.nvm/versions/node/v0.12.4/bin:/home/promise/Android/Sdk/platform-tools:/home/promise/.pyenv/shims:/home/promise/.pyenv/bin:/opt/jdk/jdk1.8.0_45/bin:/home/promise/bin:/usr/local/sbin:/usr/local/bin:/usr/sbin:/usr/bin:/sbin:/bin:/usr/games:/usr/local/games:/home/promise/.rvm/bin:/home/promise/.rvm/bin make -C /home/promise/bin/fio/iomemory-vsl-3.2.10.1509/driver_source/kfio_config/KFIOC_TASK_HAS_NR_CPUS_ALLOWED V=1
+ result=2
+ set_kfioc_status KFIOC_TASK_HAS_NR_CPUS_ALLOWED 2 exit
+ local kfioc_flag=KFIOC_TASK_HAS_NR_CPUS_ALLOWED
+ local value=2
+ local file=exit
+ shift 3
+ mkdir -p /home/promise/bin/fio/iomemory-vsl-3.2.10.1509/driver_source/kfio_config/KFIOC_TASK_HAS_NR_CPUS_ALLOWED
+ printf %s\n 2
+ mv /home/promise/bin/fio/iomemory-vsl-3.2.10.1509/driver_source/kfio_config/KFIOC_TASK_HAS_NR_CPUS_ALLOWED/exit.tmp /home/promise/bin/fio/iomemory-vsl-3.2.10.1509/driver_source/kfio_config/KFIOC_TASK_HAS_NR_CPUS_ALLOWED/exit
+ local myflag=1
+ [ 2 != 0 ]
+ myflag=0
+ set_kfioc_status KFIOC_TASK_HAS_NR_CPUS_ALLOWED 0 result
+ local kfioc_flag=KFIOC_TASK_HAS_NR_CPUS_ALLOWED
+ local value=0
+ local file=result
+ shift 3
+ mkdir -p /home/promise/bin/fio/iomemory-vsl-3.2.10.1509/driver_source/kfio_config/KFIOC_TASK_HAS_NR_CPUS_ALLOWED
+ printf %s\n 0
+ mv /home/promise/bin/fio/iomemory-vsl-3.2.10.1509/driver_source/kfio_config/KFIOC_TASK_HAS_NR_CPUS_ALLOWED/result.tmp /home/promise/bin/fio/iomemory-vsl-3.2.10.1509/driver_source/kfio_config/KFIOC_TASK_HAS_NR_CPUS_ALLOWED/result
