+ KFIOC_HAS_RQ_IS_SYNC KFIOC_HAS_RQ_IS_SYNC
+ local test_flag=KFIOC_HAS_RQ_IS_SYNC
+ local test_code=
#include <linux/blkdev.h>
void foo(void)
{
    struct request *req = NULL;

    rq_is_sync(req);
}

+ kfioc_test 
#include <linux/blkdev.h>
void foo(void)
{
    struct request *req = NULL;

    rq_is_sync(req);
}
 KFIOC_HAS_RQ_IS_SYNC 1 -Werror-implicit-function-declaration
+ local code=
#include <linux/module.h>

#include <linux/blkdev.h>
void foo(void)
{
    struct request *req = NULL;

    rq_is_sync(req);
}


+ local kfioc_flag=KFIOC_HAS_RQ_IS_SYNC
+ local positive_result=1
+ local cflags=-Werror-implicit-function-declaration
+ local test_dir=/home/promise/bin/fio/iomemory-vsl-3.2.10.1509/driver_source/kfio_config/KFIOC_HAS_RQ_IS_SYNC
+ local result=0
+ local license=
MODULE_LICENSE("Proprietary");

+ mkdir -p /home/promise/bin/fio/iomemory-vsl-3.2.10.1509/driver_source/kfio_config/KFIOC_HAS_RQ_IS_SYNC
+ fio_create_makefile KFIOC_HAS_RQ_IS_SYNC -Werror-implicit-function-declaration
+ local kfioc_flag=KFIOC_HAS_RQ_IS_SYNC
+ local extra_cflags=-Werror-implicit-function-declaration
+ cat
+ echo 
#include <linux/module.h>

#include <linux/blkdev.h>
void foo(void)
{
    struct request *req = NULL;

    rq_is_sync(req);
}


+ [ 1 -eq 0 ]
+ echo 
MODULE_LICENSE("Proprietary");

+ [ 1 -eq 0 ]
+ env -i PATH=/home/promise/.nvm/versions/node/v0.12.4/bin:/home/promise/Android/Sdk/platform-tools:/home/promise/.pyenv/shims:/home/promise/.pyenv/bin:/opt/jdk/jdk1.8.0_45/bin:/home/promise/bin:/usr/local/sbin:/usr/local/bin:/usr/sbin:/usr/bin:/sbin:/bin:/usr/games:/usr/local/games:/home/promise/.rvm/bin:/home/promise/.rvm/bin make -C /home/promise/bin/fio/iomemory-vsl-3.2.10.1509/driver_source/kfio_config/KFIOC_HAS_RQ_IS_SYNC V=1
+ set_kfioc_status KFIOC_HAS_RQ_IS_SYNC 0 exit
+ local kfioc_flag=KFIOC_HAS_RQ_IS_SYNC
+ local value=0
+ local file=exit
+ shift 3
+ mkdir -p /home/promise/bin/fio/iomemory-vsl-3.2.10.1509/driver_source/kfio_config/KFIOC_HAS_RQ_IS_SYNC
+ printf %s\n 0
+ mv /home/promise/bin/fio/iomemory-vsl-3.2.10.1509/driver_source/kfio_config/KFIOC_HAS_RQ_IS_SYNC/exit.tmp /home/promise/bin/fio/iomemory-vsl-3.2.10.1509/driver_source/kfio_config/KFIOC_HAS_RQ_IS_SYNC/exit
+ local myflag=1
+ [ 0 != 0 ]
+ set_kfioc_status KFIOC_HAS_RQ_IS_SYNC 1 result
+ local kfioc_flag=KFIOC_HAS_RQ_IS_SYNC
+ local value=1
+ local file=result
+ shift 3
+ mkdir -p /home/promise/bin/fio/iomemory-vsl-3.2.10.1509/driver_source/kfio_config/KFIOC_HAS_RQ_IS_SYNC
+ printf %s\n 1
+ mv /home/promise/bin/fio/iomemory-vsl-3.2.10.1509/driver_source/kfio_config/KFIOC_HAS_RQ_IS_SYNC/result.tmp /home/promise/bin/fio/iomemory-vsl-3.2.10.1509/driver_source/kfio_config/KFIOC_HAS_RQ_IS_SYNC/result
