+ KFIOC_KBLOCKD_SCHEDULE_HAS_QUEUE_ARG KFIOC_KBLOCKD_SCHEDULE_HAS_QUEUE_ARG
+ local test_flag=KFIOC_KBLOCKD_SCHEDULE_HAS_QUEUE_ARG
+ local test_code=
#include <linux/blkdev.h>
void kfioc_check_kblockd_queue_arg(void)
{
    kblockd_schedule_work(NULL, NULL);
}

+ kfioc_test 
#include <linux/blkdev.h>
void kfioc_check_kblockd_queue_arg(void)
{
    kblockd_schedule_work(NULL, NULL);
}
 KFIOC_KBLOCKD_SCHEDULE_HAS_QUEUE_ARG 1 -Werror
+ local code=
#include <linux/module.h>

#include <linux/blkdev.h>
void kfioc_check_kblockd_queue_arg(void)
{
    kblockd_schedule_work(NULL, NULL);
}


+ local kfioc_flag=KFIOC_KBLOCKD_SCHEDULE_HAS_QUEUE_ARG
+ local positive_result=1
+ local cflags=-Werror
+ local test_dir=/home/promise/bin/fio/iomemory-vsl-3.2.10.1509/driver_source/kfio_config/KFIOC_KBLOCKD_SCHEDULE_HAS_QUEUE_ARG
+ local result=0
+ local license=
MODULE_LICENSE("Proprietary");

+ mkdir -p /home/promise/bin/fio/iomemory-vsl-3.2.10.1509/driver_source/kfio_config/KFIOC_KBLOCKD_SCHEDULE_HAS_QUEUE_ARG
+ fio_create_makefile KFIOC_KBLOCKD_SCHEDULE_HAS_QUEUE_ARG -Werror
+ local kfioc_flag=KFIOC_KBLOCKD_SCHEDULE_HAS_QUEUE_ARG
+ local extra_cflags=-Werror
+ cat
+ echo 
#include <linux/module.h>

#include <linux/blkdev.h>
void kfioc_check_kblockd_queue_arg(void)
{
    kblockd_schedule_work(NULL, NULL);
}


+ [ 1 -eq 0 ]
+ echo 
MODULE_LICENSE("Proprietary");

+ [ 1 -eq 0 ]
+ env -i PATH=/home/promise/.nvm/versions/node/v0.12.4/bin:/home/promise/Android/Sdk/platform-tools:/home/promise/.pyenv/shims:/home/promise/.pyenv/bin:/opt/jdk/jdk1.8.0_45/bin:/home/promise/bin:/usr/local/sbin:/usr/local/bin:/usr/sbin:/usr/bin:/sbin:/bin:/usr/games:/usr/local/games:/home/promise/.rvm/bin:/home/promise/.rvm/bin make -C /home/promise/bin/fio/iomemory-vsl-3.2.10.1509/driver_source/kfio_config/KFIOC_KBLOCKD_SCHEDULE_HAS_QUEUE_ARG V=1
+ result=2
+ set_kfioc_status KFIOC_KBLOCKD_SCHEDULE_HAS_QUEUE_ARG 2 exit
+ local kfioc_flag=KFIOC_KBLOCKD_SCHEDULE_HAS_QUEUE_ARG
+ local value=2
+ local file=exit
+ shift 3
+ mkdir -p /home/promise/bin/fio/iomemory-vsl-3.2.10.1509/driver_source/kfio_config/KFIOC_KBLOCKD_SCHEDULE_HAS_QUEUE_ARG
+ printf %s\n 2
+ mv /home/promise/bin/fio/iomemory-vsl-3.2.10.1509/driver_source/kfio_config/KFIOC_KBLOCKD_SCHEDULE_HAS_QUEUE_ARG/exit.tmp /home/promise/bin/fio/iomemory-vsl-3.2.10.1509/driver_source/kfio_config/KFIOC_KBLOCKD_SCHEDULE_HAS_QUEUE_ARG/exit
+ local myflag=1
+ [ 2 != 0 ]
+ myflag=0
+ set_kfioc_status KFIOC_KBLOCKD_SCHEDULE_HAS_QUEUE_ARG 0 result
+ local kfioc_flag=KFIOC_KBLOCKD_SCHEDULE_HAS_QUEUE_ARG
+ local value=0
+ local file=result
+ shift 3
+ mkdir -p /home/promise/bin/fio/iomemory-vsl-3.2.10.1509/driver_source/kfio_config/KFIOC_KBLOCKD_SCHEDULE_HAS_QUEUE_ARG
+ printf %s\n 0
+ mv /home/promise/bin/fio/iomemory-vsl-3.2.10.1509/driver_source/kfio_config/KFIOC_KBLOCKD_SCHEDULE_HAS_QUEUE_ARG/result.tmp /home/promise/bin/fio/iomemory-vsl-3.2.10.1509/driver_source/kfio_config/KFIOC_KBLOCKD_SCHEDULE_HAS_QUEUE_ARG/result
