+ KFIOC_OWNER_IN_STRUCT_PROC_DIR_ENTRY KFIOC_OWNER_IN_STRUCT_PROC_DIR_ENTRY
+ local test_flag=KFIOC_OWNER_IN_STRUCT_PROC_DIR_ENTRY
+ local test_code=
#include <linux/proc_fs.h>

void kfioc_owner_in_struct_proc_dir_entry(void) {
    struct proc_dir_entry dentry = { .owner = NULL };
    (void)dentry;
}

+ kfioc_test 
#include <linux/proc_fs.h>

void kfioc_owner_in_struct_proc_dir_entry(void) {
    struct proc_dir_entry dentry = { .owner = NULL };
    (void)dentry;
}
 KFIOC_OWNER_IN_STRUCT_PROC_DIR_ENTRY 1
+ local code=
#include <linux/module.h>

#include <linux/proc_fs.h>

void kfioc_owner_in_struct_proc_dir_entry(void) {
    struct proc_dir_entry dentry = { .owner = NULL };
    (void)dentry;
}


+ local kfioc_flag=KFIOC_OWNER_IN_STRUCT_PROC_DIR_ENTRY
+ local positive_result=1
+ local cflags=
+ local test_dir=/home/promise/bin/fio/iomemory-vsl-3.2.10.1509/driver_source/kfio_config/KFIOC_OWNER_IN_STRUCT_PROC_DIR_ENTRY
+ local result=0
+ local license=
MODULE_LICENSE("Proprietary");

+ mkdir -p /home/promise/bin/fio/iomemory-vsl-3.2.10.1509/driver_source/kfio_config/KFIOC_OWNER_IN_STRUCT_PROC_DIR_ENTRY
+ fio_create_makefile KFIOC_OWNER_IN_STRUCT_PROC_DIR_ENTRY 
+ local kfioc_flag=KFIOC_OWNER_IN_STRUCT_PROC_DIR_ENTRY
+ local extra_cflags=
+ cat
+ echo 
#include <linux/module.h>

#include <linux/proc_fs.h>

void kfioc_owner_in_struct_proc_dir_entry(void) {
    struct proc_dir_entry dentry = { .owner = NULL };
    (void)dentry;
}


+ [ 1 -eq 0 ]
+ echo 
MODULE_LICENSE("Proprietary");

+ [ 1 -eq 0 ]
+ env -i PATH=/home/promise/.nvm/versions/node/v0.12.4/bin:/home/promise/Android/Sdk/platform-tools:/home/promise/.pyenv/shims:/home/promise/.pyenv/bin:/opt/jdk/jdk1.8.0_45/bin:/home/promise/bin:/usr/local/sbin:/usr/local/bin:/usr/sbin:/usr/bin:/sbin:/bin:/usr/games:/usr/local/games:/home/promise/.rvm/bin:/home/promise/.rvm/bin make -C /home/promise/bin/fio/iomemory-vsl-3.2.10.1509/driver_source/kfio_config/KFIOC_OWNER_IN_STRUCT_PROC_DIR_ENTRY V=1
+ result=2
+ set_kfioc_status KFIOC_OWNER_IN_STRUCT_PROC_DIR_ENTRY 2 exit
+ local kfioc_flag=KFIOC_OWNER_IN_STRUCT_PROC_DIR_ENTRY
+ local value=2
+ local file=exit
+ shift 3
+ mkdir -p /home/promise/bin/fio/iomemory-vsl-3.2.10.1509/driver_source/kfio_config/KFIOC_OWNER_IN_STRUCT_PROC_DIR_ENTRY
+ printf %s\n 2
+ mv /home/promise/bin/fio/iomemory-vsl-3.2.10.1509/driver_source/kfio_config/KFIOC_OWNER_IN_STRUCT_PROC_DIR_ENTRY/exit.tmp /home/promise/bin/fio/iomemory-vsl-3.2.10.1509/driver_source/kfio_config/KFIOC_OWNER_IN_STRUCT_PROC_DIR_ENTRY/exit
+ local myflag=1
+ [ 2 != 0 ]
+ myflag=0
+ set_kfioc_status KFIOC_OWNER_IN_STRUCT_PROC_DIR_ENTRY 0 result
+ local kfioc_flag=KFIOC_OWNER_IN_STRUCT_PROC_DIR_ENTRY
+ local value=0
+ local file=result
+ shift 3
+ mkdir -p /home/promise/bin/fio/iomemory-vsl-3.2.10.1509/driver_source/kfio_config/KFIOC_OWNER_IN_STRUCT_PROC_DIR_ENTRY
+ printf %s\n 0
+ mv /home/promise/bin/fio/iomemory-vsl-3.2.10.1509/driver_source/kfio_config/KFIOC_OWNER_IN_STRUCT_PROC_DIR_ENTRY/result.tmp /home/promise/bin/fio/iomemory-vsl-3.2.10.1509/driver_source/kfio_config/KFIOC_OWNER_IN_STRUCT_PROC_DIR_ENTRY/result
