+ KFIOC_HAS_BIO_RW_DISCARD KFIOC_HAS_BIO_RW_DISCARD
+ local test_flag=KFIOC_HAS_BIO_RW_DISCARD
+ local test_code=
#include <linux/bio.h>
void foo(void)
{
    unsigned long flags = 1 << BIO_RW_DISCARD;
}

+ kfioc_test 
#include <linux/bio.h>
void foo(void)
{
    unsigned long flags = 1 << BIO_RW_DISCARD;
}
 KFIOC_HAS_BIO_RW_DISCARD 1
+ local code=
#include <linux/module.h>

#include <linux/bio.h>
void foo(void)
{
    unsigned long flags = 1 << BIO_RW_DISCARD;
}


+ local kfioc_flag=KFIOC_HAS_BIO_RW_DISCARD
+ local positive_result=1
+ local cflags=
+ local test_dir=/home/promise/bin/fio/iomemory-vsl-3.2.10.1509/driver_source/kfio_config/KFIOC_HAS_BIO_RW_DISCARD
+ local result=0
+ local license=
MODULE_LICENSE("Proprietary");

+ mkdir -p /home/promise/bin/fio/iomemory-vsl-3.2.10.1509/driver_source/kfio_config/KFIOC_HAS_BIO_RW_DISCARD
+ fio_create_makefile KFIOC_HAS_BIO_RW_DISCARD 
+ local kfioc_flag=KFIOC_HAS_BIO_RW_DISCARD
+ local extra_cflags=
+ cat
+ echo 
#include <linux/module.h>

#include <linux/bio.h>
void foo(void)
{
    unsigned long flags = 1 << BIO_RW_DISCARD;
}


+ [ 1 -eq 0 ]
+ echo 
MODULE_LICENSE("Proprietary");

+ [ 1 -eq 0 ]
+ env -i PATH=/home/promise/.nvm/versions/node/v0.12.4/bin:/home/promise/Android/Sdk/platform-tools:/home/promise/.pyenv/shims:/home/promise/.pyenv/bin:/opt/jdk/jdk1.8.0_45/bin:/home/promise/bin:/usr/local/sbin:/usr/local/bin:/usr/sbin:/usr/bin:/sbin:/bin:/usr/games:/usr/local/games:/home/promise/.rvm/bin:/home/promise/.rvm/bin make -C /home/promise/bin/fio/iomemory-vsl-3.2.10.1509/driver_source/kfio_config/KFIOC_HAS_BIO_RW_DISCARD V=1
+ result=2
+ set_kfioc_status KFIOC_HAS_BIO_RW_DISCARD 2 exit
+ local kfioc_flag=KFIOC_HAS_BIO_RW_DISCARD
+ local value=2
+ local file=exit
+ shift 3
+ mkdir -p /home/promise/bin/fio/iomemory-vsl-3.2.10.1509/driver_source/kfio_config/KFIOC_HAS_BIO_RW_DISCARD
+ printf %s\n 2
+ mv /home/promise/bin/fio/iomemory-vsl-3.2.10.1509/driver_source/kfio_config/KFIOC_HAS_BIO_RW_DISCARD/exit.tmp /home/promise/bin/fio/iomemory-vsl-3.2.10.1509/driver_source/kfio_config/KFIOC_HAS_BIO_RW_DISCARD/exit
+ local myflag=1
+ [ 2 != 0 ]
+ myflag=0
+ set_kfioc_status KFIOC_HAS_BIO_RW_DISCARD 0 result
+ local kfioc_flag=KFIOC_HAS_BIO_RW_DISCARD
+ local value=0
+ local file=result
+ shift 3
+ mkdir -p /home/promise/bin/fio/iomemory-vsl-3.2.10.1509/driver_source/kfio_config/KFIOC_HAS_BIO_RW_DISCARD
+ printf %s\n 0
+ mv /home/promise/bin/fio/iomemory-vsl-3.2.10.1509/driver_source/kfio_config/KFIOC_HAS_BIO_RW_DISCARD/result.tmp /home/promise/bin/fio/iomemory-vsl-3.2.10.1509/driver_source/kfio_config/KFIOC_HAS_BIO_RW_DISCARD/result
