+ KFIOC_BIO_ENDIO_REMOVED_BYTES_DONE KFIOC_BIO_ENDIO_REMOVED_BYTES_DONE
+ local test_flag=KFIOC_BIO_ENDIO_REMOVED_BYTES_DONE
+ local test_code=
#include <linux/bio.h>
    
void kfioc_test_bio_endio(void) {
    bio_endio(NULL, 0);
}

+ kfioc_test 
#include <linux/bio.h>
    
void kfioc_test_bio_endio(void) {
    bio_endio(NULL, 0);
}
 KFIOC_BIO_ENDIO_REMOVED_BYTES_DONE 1
+ local code=
#include <linux/module.h>

#include <linux/bio.h>
    
void kfioc_test_bio_endio(void) {
    bio_endio(NULL, 0);
}


+ local kfioc_flag=KFIOC_BIO_ENDIO_REMOVED_BYTES_DONE
+ local positive_result=1
+ local cflags=
+ local test_dir=/home/promise/bin/fio/iomemory-vsl-3.2.10.1509/driver_source/kfio_config/KFIOC_BIO_ENDIO_REMOVED_BYTES_DONE
+ local result=0
+ local license=
MODULE_LICENSE("Proprietary");

+ mkdir -p /home/promise/bin/fio/iomemory-vsl-3.2.10.1509/driver_source/kfio_config/KFIOC_BIO_ENDIO_REMOVED_BYTES_DONE
+ fio_create_makefile KFIOC_BIO_ENDIO_REMOVED_BYTES_DONE 
+ local kfioc_flag=KFIOC_BIO_ENDIO_REMOVED_BYTES_DONE
+ local extra_cflags=
+ cat
+ echo 
#include <linux/module.h>

#include <linux/bio.h>
    
void kfioc_test_bio_endio(void) {
    bio_endio(NULL, 0);
}


+ [ 1 -eq 0 ]
+ echo 
MODULE_LICENSE("Proprietary");

+ [ 1 -eq 0 ]
+ env -i PATH=/home/promise/.nvm/versions/node/v0.12.4/bin:/home/promise/Android/Sdk/platform-tools:/home/promise/.pyenv/shims:/home/promise/.pyenv/bin:/opt/jdk/jdk1.8.0_45/bin:/home/promise/bin:/usr/local/sbin:/usr/local/bin:/usr/sbin:/usr/bin:/sbin:/bin:/usr/games:/usr/local/games:/home/promise/.rvm/bin:/home/promise/.rvm/bin make -C /home/promise/bin/fio/iomemory-vsl-3.2.10.1509/driver_source/kfio_config/KFIOC_BIO_ENDIO_REMOVED_BYTES_DONE V=1
+ set_kfioc_status KFIOC_BIO_ENDIO_REMOVED_BYTES_DONE 0 exit
+ local kfioc_flag=KFIOC_BIO_ENDIO_REMOVED_BYTES_DONE
+ local value=0
+ local file=exit
+ shift 3
+ mkdir -p /home/promise/bin/fio/iomemory-vsl-3.2.10.1509/driver_source/kfio_config/KFIOC_BIO_ENDIO_REMOVED_BYTES_DONE
+ printf %s\n 0
+ mv /home/promise/bin/fio/iomemory-vsl-3.2.10.1509/driver_source/kfio_config/KFIOC_BIO_ENDIO_REMOVED_BYTES_DONE/exit.tmp /home/promise/bin/fio/iomemory-vsl-3.2.10.1509/driver_source/kfio_config/KFIOC_BIO_ENDIO_REMOVED_BYTES_DONE/exit
+ local myflag=1
+ [ 0 != 0 ]
+ set_kfioc_status KFIOC_BIO_ENDIO_REMOVED_BYTES_DONE 1 result
+ local kfioc_flag=KFIOC_BIO_ENDIO_REMOVED_BYTES_DONE
+ local value=1
+ local file=result
+ shift 3
+ mkdir -p /home/promise/bin/fio/iomemory-vsl-3.2.10.1509/driver_source/kfio_config/KFIOC_BIO_ENDIO_REMOVED_BYTES_DONE
+ printf %s\n 1
+ mv /home/promise/bin/fio/iomemory-vsl-3.2.10.1509/driver_source/kfio_config/KFIOC_BIO_ENDIO_REMOVED_BYTES_DONE/result.tmp /home/promise/bin/fio/iomemory-vsl-3.2.10.1509/driver_source/kfio_config/KFIOC_BIO_ENDIO_REMOVED_BYTES_DONE/result
