+ KFIOC_HAS_PCI_ERROR_HANDLERS KFIOC_HAS_PCI_ERROR_HANDLERS
+ local test_flag=KFIOC_HAS_PCI_ERROR_HANDLERS
+ local test_code=
#include <linux/pci.h>

void kfioc_test_pci_error_handlers(void) {
    struct pci_error_handlers e;
    (void)e;
}

+ kfioc_test 
#include <linux/pci.h>

void kfioc_test_pci_error_handlers(void) {
    struct pci_error_handlers e;
    (void)e;
}
 KFIOC_HAS_PCI_ERROR_HANDLERS 1
+ local code=
#include <linux/module.h>

#include <linux/pci.h>

void kfioc_test_pci_error_handlers(void) {
    struct pci_error_handlers e;
    (void)e;
}


+ local kfioc_flag=KFIOC_HAS_PCI_ERROR_HANDLERS
+ local positive_result=1
+ local cflags=
+ local test_dir=/home/promise/bin/fio/iomemory-vsl-3.2.10.1509/driver_source/kfio_config/KFIOC_HAS_PCI_ERROR_HANDLERS
+ local result=0
+ local license=
MODULE_LICENSE("Proprietary");

+ mkdir -p /home/promise/bin/fio/iomemory-vsl-3.2.10.1509/driver_source/kfio_config/KFIOC_HAS_PCI_ERROR_HANDLERS
+ fio_create_makefile KFIOC_HAS_PCI_ERROR_HANDLERS 
+ local kfioc_flag=KFIOC_HAS_PCI_ERROR_HANDLERS
+ local extra_cflags=
+ cat
+ echo 
#include <linux/module.h>

#include <linux/pci.h>

void kfioc_test_pci_error_handlers(void) {
    struct pci_error_handlers e;
    (void)e;
}


+ [ 1 -eq 0 ]
+ echo 
MODULE_LICENSE("Proprietary");

+ [ 1 -eq 0 ]
+ env -i PATH=/home/promise/.nvm/versions/node/v0.12.4/bin:/home/promise/Android/Sdk/platform-tools:/home/promise/.pyenv/shims:/home/promise/.pyenv/bin:/opt/jdk/jdk1.8.0_45/bin:/home/promise/bin:/usr/local/sbin:/usr/local/bin:/usr/sbin:/usr/bin:/sbin:/bin:/usr/games:/usr/local/games:/home/promise/.rvm/bin:/home/promise/.rvm/bin make -C /home/promise/bin/fio/iomemory-vsl-3.2.10.1509/driver_source/kfio_config/KFIOC_HAS_PCI_ERROR_HANDLERS V=1
+ set_kfioc_status KFIOC_HAS_PCI_ERROR_HANDLERS 0 exit
+ local kfioc_flag=KFIOC_HAS_PCI_ERROR_HANDLERS
+ local value=0
+ local file=exit
+ shift 3
+ mkdir -p /home/promise/bin/fio/iomemory-vsl-3.2.10.1509/driver_source/kfio_config/KFIOC_HAS_PCI_ERROR_HANDLERS
+ printf %s\n 0
+ mv /home/promise/bin/fio/iomemory-vsl-3.2.10.1509/driver_source/kfio_config/KFIOC_HAS_PCI_ERROR_HANDLERS/exit.tmp /home/promise/bin/fio/iomemory-vsl-3.2.10.1509/driver_source/kfio_config/KFIOC_HAS_PCI_ERROR_HANDLERS/exit
+ local myflag=1
+ [ 0 != 0 ]
+ set_kfioc_status KFIOC_HAS_PCI_ERROR_HANDLERS 1 result
+ local kfioc_flag=KFIOC_HAS_PCI_ERROR_HANDLERS
+ local value=1
+ local file=result
+ shift 3
+ mkdir -p /home/promise/bin/fio/iomemory-vsl-3.2.10.1509/driver_source/kfio_config/KFIOC_HAS_PCI_ERROR_HANDLERS
+ printf %s\n 1
+ mv /home/promise/bin/fio/iomemory-vsl-3.2.10.1509/driver_source/kfio_config/KFIOC_HAS_PCI_ERROR_HANDLERS/result.tmp /home/promise/bin/fio/iomemory-vsl-3.2.10.1509/driver_source/kfio_config/KFIOC_HAS_PCI_ERROR_HANDLERS/result
