+ KFIOC_DISCARD KFIOC_DISCARD
+ local test_flag=KFIOC_DISCARD
+ local test_code=
#include <linux/blkdev.h>


void kfioc_test_blk_queue_set_discard(void) {
	queue_flag_set_unlocked(QUEUE_FLAG_DISCARD,NULL);
}

+ kfioc_test 
#include <linux/blkdev.h>


void kfioc_test_blk_queue_set_discard(void) {
	queue_flag_set_unlocked(QUEUE_FLAG_DISCARD,NULL);
}
 KFIOC_DISCARD 1 -Werror-implicit-function-declaration
+ local code=
#include <linux/module.h>

#include <linux/blkdev.h>


void kfioc_test_blk_queue_set_discard(void) {
	queue_flag_set_unlocked(QUEUE_FLAG_DISCARD,NULL);
}


+ local kfioc_flag=KFIOC_DISCARD
+ local positive_result=1
+ local cflags=-Werror-implicit-function-declaration
+ local test_dir=/home/promise/bin/fio/iomemory-vsl-3.2.10.1509/driver_source/kfio_config/KFIOC_DISCARD
+ local result=0
+ local license=
MODULE_LICENSE("Proprietary");

+ mkdir -p /home/promise/bin/fio/iomemory-vsl-3.2.10.1509/driver_source/kfio_config/KFIOC_DISCARD
+ fio_create_makefile KFIOC_DISCARD -Werror-implicit-function-declaration
+ local kfioc_flag=KFIOC_DISCARD
+ local extra_cflags=-Werror-implicit-function-declaration
+ cat
+ echo 
#include <linux/module.h>

#include <linux/blkdev.h>


void kfioc_test_blk_queue_set_discard(void) {
	queue_flag_set_unlocked(QUEUE_FLAG_DISCARD,NULL);
}


+ [ 1 -eq 0 ]
+ echo 
MODULE_LICENSE("Proprietary");

+ [ 1 -eq 0 ]
+ env -i PATH=/home/promise/.nvm/versions/node/v0.12.4/bin:/home/promise/Android/Sdk/platform-tools:/home/promise/.pyenv/shims:/home/promise/.pyenv/bin:/opt/jdk/jdk1.8.0_45/bin:/home/promise/bin:/usr/local/sbin:/usr/local/bin:/usr/sbin:/usr/bin:/sbin:/bin:/usr/games:/usr/local/games:/home/promise/.rvm/bin:/home/promise/.rvm/bin make -C /home/promise/bin/fio/iomemory-vsl-3.2.10.1509/driver_source/kfio_config/KFIOC_DISCARD V=1
+ set_kfioc_status KFIOC_DISCARD 0 exit
+ local kfioc_flag=KFIOC_DISCARD
+ local value=0
+ local file=exit
+ shift 3
+ mkdir -p /home/promise/bin/fio/iomemory-vsl-3.2.10.1509/driver_source/kfio_config/KFIOC_DISCARD
+ printf %s\n 0
+ mv /home/promise/bin/fio/iomemory-vsl-3.2.10.1509/driver_source/kfio_config/KFIOC_DISCARD/exit.tmp /home/promise/bin/fio/iomemory-vsl-3.2.10.1509/driver_source/kfio_config/KFIOC_DISCARD/exit
+ local myflag=1
+ [ 0 != 0 ]
+ set_kfioc_status KFIOC_DISCARD 1 result
+ local kfioc_flag=KFIOC_DISCARD
+ local value=1
+ local file=result
+ shift 3
+ mkdir -p /home/promise/bin/fio/iomemory-vsl-3.2.10.1509/driver_source/kfio_config/KFIOC_DISCARD
+ printf %s\n 1
+ mv /home/promise/bin/fio/iomemory-vsl-3.2.10.1509/driver_source/kfio_config/KFIOC_DISCARD/result.tmp /home/promise/bin/fio/iomemory-vsl-3.2.10.1509/driver_source/kfio_config/KFIOC_DISCARD/result
