+ KFIOC_BVEC_KMAP_IRQ_HAS_LONG_FLAGS KFIOC_BVEC_KMAP_IRQ_HAS_LONG_FLAGS
+ local test_flag=KFIOC_BVEC_KMAP_IRQ_HAS_LONG_FLAGS
+ local test_code=
#include <linux/bio.h>
void bvec_kmap_irq_has_long_flags(void)
{
    unsigned long flags;

    bvec_kmap_irq(NULL, &flags);
}

+ kfioc_test 
#include <linux/bio.h>
void bvec_kmap_irq_has_long_flags(void)
{
    unsigned long flags;

    bvec_kmap_irq(NULL, &flags);
}
 KFIOC_BVEC_KMAP_IRQ_HAS_LONG_FLAGS 1 -Werror
+ local code=
#include <linux/module.h>

#include <linux/bio.h>
void bvec_kmap_irq_has_long_flags(void)
{
    unsigned long flags;

    bvec_kmap_irq(NULL, &flags);
}


+ local kfioc_flag=KFIOC_BVEC_KMAP_IRQ_HAS_LONG_FLAGS
+ local positive_result=1
+ local cflags=-Werror
+ local test_dir=/home/promise/bin/fio/iomemory-vsl-3.2.10.1509/driver_source/kfio_config/KFIOC_BVEC_KMAP_IRQ_HAS_LONG_FLAGS
+ local result=0
+ local license=
MODULE_LICENSE("Proprietary");

+ mkdir -p /home/promise/bin/fio/iomemory-vsl-3.2.10.1509/driver_source/kfio_config/KFIOC_BVEC_KMAP_IRQ_HAS_LONG_FLAGS
+ fio_create_makefile KFIOC_BVEC_KMAP_IRQ_HAS_LONG_FLAGS -Werror
+ local kfioc_flag=KFIOC_BVEC_KMAP_IRQ_HAS_LONG_FLAGS
+ local extra_cflags=-Werror
+ cat
+ echo 
#include <linux/module.h>

#include <linux/bio.h>
void bvec_kmap_irq_has_long_flags(void)
{
    unsigned long flags;

    bvec_kmap_irq(NULL, &flags);
}


+ [ 1 -eq 0 ]
+ echo 
MODULE_LICENSE("Proprietary");

+ [ 1 -eq 0 ]
+ env -i PATH=/home/promise/.nvm/versions/node/v0.12.4/bin:/home/promise/Android/Sdk/platform-tools:/home/promise/.pyenv/shims:/home/promise/.pyenv/bin:/opt/jdk/jdk1.8.0_45/bin:/home/promise/bin:/usr/local/sbin:/usr/local/bin:/usr/sbin:/usr/bin:/sbin:/bin:/usr/games:/usr/local/games:/home/promise/.rvm/bin:/home/promise/.rvm/bin make -C /home/promise/bin/fio/iomemory-vsl-3.2.10.1509/driver_source/kfio_config/KFIOC_BVEC_KMAP_IRQ_HAS_LONG_FLAGS V=1
+ set_kfioc_status KFIOC_BVEC_KMAP_IRQ_HAS_LONG_FLAGS 0 exit
+ local kfioc_flag=KFIOC_BVEC_KMAP_IRQ_HAS_LONG_FLAGS
+ local value=0
+ local file=exit
+ shift 3
+ mkdir -p /home/promise/bin/fio/iomemory-vsl-3.2.10.1509/driver_source/kfio_config/KFIOC_BVEC_KMAP_IRQ_HAS_LONG_FLAGS
+ printf %s\n 0
+ mv /home/promise/bin/fio/iomemory-vsl-3.2.10.1509/driver_source/kfio_config/KFIOC_BVEC_KMAP_IRQ_HAS_LONG_FLAGS/exit.tmp /home/promise/bin/fio/iomemory-vsl-3.2.10.1509/driver_source/kfio_config/KFIOC_BVEC_KMAP_IRQ_HAS_LONG_FLAGS/exit
+ local myflag=1
+ [ 0 != 0 ]
+ set_kfioc_status KFIOC_BVEC_KMAP_IRQ_HAS_LONG_FLAGS 1 result
+ local kfioc_flag=KFIOC_BVEC_KMAP_IRQ_HAS_LONG_FLAGS
+ local value=1
+ local file=result
+ shift 3
+ mkdir -p /home/promise/bin/fio/iomemory-vsl-3.2.10.1509/driver_source/kfio_config/KFIOC_BVEC_KMAP_IRQ_HAS_LONG_FLAGS
+ printf %s\n 1
+ mv /home/promise/bin/fio/iomemory-vsl-3.2.10.1509/driver_source/kfio_config/KFIOC_BVEC_KMAP_IRQ_HAS_LONG_FLAGS/result.tmp /home/promise/bin/fio/iomemory-vsl-3.2.10.1509/driver_source/kfio_config/KFIOC_BVEC_KMAP_IRQ_HAS_LONG_FLAGS/result
