+ KFIOC_STRUCT_FILE_HAS_PATH KFIOC_STRUCT_FILE_HAS_PATH
+ local test_flag=KFIOC_STRUCT_FILE_HAS_PATH
+ local test_code=
#include <linux/fs.h>

void kfioc_test_file_path(void) {
    struct file f = { .f_path = { [0] = 0, [1] = 0 } };
    (void)f;
}

+ kfioc_test 
#include <linux/fs.h>

void kfioc_test_file_path(void) {
    struct file f = { .f_path = { [0] = 0, [1] = 0 } };
    (void)f;
}
 KFIOC_STRUCT_FILE_HAS_PATH 1
+ local code=
#include <linux/module.h>

#include <linux/fs.h>

void kfioc_test_file_path(void) {
    struct file f = { .f_path = { [0] = 0, [1] = 0 } };
    (void)f;
}


+ local kfioc_flag=KFIOC_STRUCT_FILE_HAS_PATH
+ local positive_result=1
+ local cflags=
+ local test_dir=/home/promise/bin/fio/iomemory-vsl-3.2.10.1509/driver_source/kfio_config/KFIOC_STRUCT_FILE_HAS_PATH
+ local result=0
+ local license=
MODULE_LICENSE("Proprietary");

+ mkdir -p /home/promise/bin/fio/iomemory-vsl-3.2.10.1509/driver_source/kfio_config/KFIOC_STRUCT_FILE_HAS_PATH
+ fio_create_makefile KFIOC_STRUCT_FILE_HAS_PATH 
+ local kfioc_flag=KFIOC_STRUCT_FILE_HAS_PATH
+ local extra_cflags=
+ cat
+ echo 
#include <linux/module.h>

#include <linux/fs.h>

void kfioc_test_file_path(void) {
    struct file f = { .f_path = { [0] = 0, [1] = 0 } };
    (void)f;
}


+ [ 1 -eq 0 ]
+ echo 
MODULE_LICENSE("Proprietary");

+ [ 1 -eq 0 ]
+ env -i PATH=/home/promise/.nvm/versions/node/v0.12.4/bin:/home/promise/Android/Sdk/platform-tools:/home/promise/.pyenv/shims:/home/promise/.pyenv/bin:/opt/jdk/jdk1.8.0_45/bin:/home/promise/bin:/usr/local/sbin:/usr/local/bin:/usr/sbin:/usr/bin:/sbin:/bin:/usr/games:/usr/local/games:/home/promise/.rvm/bin:/home/promise/.rvm/bin make -C /home/promise/bin/fio/iomemory-vsl-3.2.10.1509/driver_source/kfio_config/KFIOC_STRUCT_FILE_HAS_PATH V=1
+ result=2
+ set_kfioc_status KFIOC_STRUCT_FILE_HAS_PATH 2 exit
+ local kfioc_flag=KFIOC_STRUCT_FILE_HAS_PATH
+ local value=2
+ local file=exit
+ shift 3
+ mkdir -p /home/promise/bin/fio/iomemory-vsl-3.2.10.1509/driver_source/kfio_config/KFIOC_STRUCT_FILE_HAS_PATH
+ printf %s\n 2
+ mv /home/promise/bin/fio/iomemory-vsl-3.2.10.1509/driver_source/kfio_config/KFIOC_STRUCT_FILE_HAS_PATH/exit.tmp /home/promise/bin/fio/iomemory-vsl-3.2.10.1509/driver_source/kfio_config/KFIOC_STRUCT_FILE_HAS_PATH/exit
+ local myflag=1
+ [ 2 != 0 ]
+ myflag=0
+ set_kfioc_status KFIOC_STRUCT_FILE_HAS_PATH 0 result
+ local kfioc_flag=KFIOC_STRUCT_FILE_HAS_PATH
+ local value=0
+ local file=result
+ shift 3
+ mkdir -p /home/promise/bin/fio/iomemory-vsl-3.2.10.1509/driver_source/kfio_config/KFIOC_STRUCT_FILE_HAS_PATH
+ printf %s\n 0
+ mv /home/promise/bin/fio/iomemory-vsl-3.2.10.1509/driver_source/kfio_config/KFIOC_STRUCT_FILE_HAS_PATH/result.tmp /home/promise/bin/fio/iomemory-vsl-3.2.10.1509/driver_source/kfio_config/KFIOC_STRUCT_FILE_HAS_PATH/result
