+ KFIOC_USE_IO_SCHED KFIOC_USE_IO_SCHED
+ local test_flag=KFIOC_USE_IO_SCHED
+ local test_code=
#include <linux/version.h>
#if LINUX_VERSION_CODE > KERNEL_VERSION(2,6,24)
#if LINUX_VERSION_CODE < KERNEL_VERSION(2,6,31)
#error Cant use elevator due to required GPL symbol
#endif
#endif

#include <linux/blkdev.h>
void kfioc_use_io_sched(void) {
    blk_complete_request(NULL);
}

+ kfioc_test 
#include <linux/version.h>
#if LINUX_VERSION_CODE > KERNEL_VERSION(2,6,24)
#if LINUX_VERSION_CODE < KERNEL_VERSION(2,6,31)
#error Cant use elevator due to required GPL symbol
#endif
#endif

#include <linux/blkdev.h>
void kfioc_use_io_sched(void) {
    blk_complete_request(NULL);
}
 KFIOC_USE_IO_SCHED 1 -Werror-implicit-function-declaration
+ local code=
#include <linux/module.h>

#include <linux/version.h>
#if LINUX_VERSION_CODE > KERNEL_VERSION(2,6,24)
#if LINUX_VERSION_CODE < KERNEL_VERSION(2,6,31)
#error Cant use elevator due to required GPL symbol
#endif
#endif

#include <linux/blkdev.h>
void kfioc_use_io_sched(void) {
    blk_complete_request(NULL);
}


+ local kfioc_flag=KFIOC_USE_IO_SCHED
+ local positive_result=1
+ local cflags=-Werror-implicit-function-declaration
+ local test_dir=/home/promise/bin/fio/iomemory-vsl-3.2.10.1509/driver_source/kfio_config/KFIOC_USE_IO_SCHED
+ local result=0
+ local license=
MODULE_LICENSE("Proprietary");

+ mkdir -p /home/promise/bin/fio/iomemory-vsl-3.2.10.1509/driver_source/kfio_config/KFIOC_USE_IO_SCHED
+ fio_create_makefile KFIOC_USE_IO_SCHED -Werror-implicit-function-declaration
+ local kfioc_flag=KFIOC_USE_IO_SCHED
+ local extra_cflags=-Werror-implicit-function-declaration
+ cat
+ echo 
#include <linux/module.h>

#include <linux/version.h>
#if LINUX_VERSION_CODE > KERNEL_VERSION(2,6,24)
#if LINUX_VERSION_CODE < KERNEL_VERSION(2,6,31)
#error Cant use elevator due to required GPL symbol
#endif
#endif

#include <linux/blkdev.h>
void kfioc_use_io_sched(void) {
    blk_complete_request(NULL);
}


+ [ 1 -eq 0 ]
+ echo 
MODULE_LICENSE("Proprietary");

+ [ 1 -eq 0 ]
+ env -i PATH=/home/promise/.nvm/versions/node/v0.12.4/bin:/home/promise/Android/Sdk/platform-tools:/home/promise/.pyenv/shims:/home/promise/.pyenv/bin:/opt/jdk/jdk1.8.0_45/bin:/home/promise/bin:/usr/local/sbin:/usr/local/bin:/usr/sbin:/usr/bin:/sbin:/bin:/usr/games:/usr/local/games:/home/promise/.rvm/bin:/home/promise/.rvm/bin make -C /home/promise/bin/fio/iomemory-vsl-3.2.10.1509/driver_source/kfio_config/KFIOC_USE_IO_SCHED V=1
+ set_kfioc_status KFIOC_USE_IO_SCHED 0 exit
+ local kfioc_flag=KFIOC_USE_IO_SCHED
+ local value=0
+ local file=exit
+ shift 3
+ mkdir -p /home/promise/bin/fio/iomemory-vsl-3.2.10.1509/driver_source/kfio_config/KFIOC_USE_IO_SCHED
+ printf %s\n 0
+ mv /home/promise/bin/fio/iomemory-vsl-3.2.10.1509/driver_source/kfio_config/KFIOC_USE_IO_SCHED/exit.tmp /home/promise/bin/fio/iomemory-vsl-3.2.10.1509/driver_source/kfio_config/KFIOC_USE_IO_SCHED/exit
+ local myflag=1
+ [ 0 != 0 ]
+ set_kfioc_status KFIOC_USE_IO_SCHED 1 result
+ local kfioc_flag=KFIOC_USE_IO_SCHED
+ local value=1
+ local file=result
+ shift 3
+ mkdir -p /home/promise/bin/fio/iomemory-vsl-3.2.10.1509/driver_source/kfio_config/KFIOC_USE_IO_SCHED
+ printf %s\n 1
+ mv /home/promise/bin/fio/iomemory-vsl-3.2.10.1509/driver_source/kfio_config/KFIOC_USE_IO_SCHED/result.tmp /home/promise/bin/fio/iomemory-vsl-3.2.10.1509/driver_source/kfio_config/KFIOC_USE_IO_SCHED/result
