+ KFIOC_DISCARD_GRANULARITY_IN_LIMITS KFIOC_DISCARD_GRANULARITY_IN_LIMITS
+ local test_flag=KFIOC_DISCARD_GRANULARITY_IN_LIMITS
+ local test_code=
#include <linux/blkdev.h>

void kfioc_test_blk_queue_discard_granularity(void)
{
    struct request_queue q;

    q.limits.discard_granularity = 0;
}

+ kfioc_test 
#include <linux/blkdev.h>

void kfioc_test_blk_queue_discard_granularity(void)
{
    struct request_queue q;

    q.limits.discard_granularity = 0;
}
 KFIOC_DISCARD_GRANULARITY_IN_LIMITS 1 -Werror-implicit-function-declaration
+ local code=
#include <linux/module.h>

#include <linux/blkdev.h>

void kfioc_test_blk_queue_discard_granularity(void)
{
    struct request_queue q;

    q.limits.discard_granularity = 0;
}


+ local kfioc_flag=KFIOC_DISCARD_GRANULARITY_IN_LIMITS
+ local positive_result=1
+ local cflags=-Werror-implicit-function-declaration
+ local test_dir=/home/promise/bin/fio/iomemory-vsl-3.2.10.1509/driver_source/kfio_config/KFIOC_DISCARD_GRANULARITY_IN_LIMITS
+ local result=0
+ local license=
MODULE_LICENSE("Proprietary");

+ mkdir -p /home/promise/bin/fio/iomemory-vsl-3.2.10.1509/driver_source/kfio_config/KFIOC_DISCARD_GRANULARITY_IN_LIMITS
+ fio_create_makefile KFIOC_DISCARD_GRANULARITY_IN_LIMITS -Werror-implicit-function-declaration
+ local kfioc_flag=KFIOC_DISCARD_GRANULARITY_IN_LIMITS
+ local extra_cflags=-Werror-implicit-function-declaration
+ cat
+ echo 
#include <linux/module.h>

#include <linux/blkdev.h>

void kfioc_test_blk_queue_discard_granularity(void)
{
    struct request_queue q;

    q.limits.discard_granularity = 0;
}


+ [ 1 -eq 0 ]
+ echo 
MODULE_LICENSE("Proprietary");

+ [ 1 -eq 0 ]
+ env -i PATH=/home/promise/.nvm/versions/node/v0.12.4/bin:/home/promise/Android/Sdk/platform-tools:/home/promise/.pyenv/shims:/home/promise/.pyenv/bin:/opt/jdk/jdk1.8.0_45/bin:/home/promise/bin:/usr/local/sbin:/usr/local/bin:/usr/sbin:/usr/bin:/sbin:/bin:/usr/games:/usr/local/games:/home/promise/.rvm/bin:/home/promise/.rvm/bin make -C /home/promise/bin/fio/iomemory-vsl-3.2.10.1509/driver_source/kfio_config/KFIOC_DISCARD_GRANULARITY_IN_LIMITS V=1
+ set_kfioc_status KFIOC_DISCARD_GRANULARITY_IN_LIMITS 0 exit
+ local kfioc_flag=KFIOC_DISCARD_GRANULARITY_IN_LIMITS
+ local value=0
+ local file=exit
+ shift 3
+ mkdir -p /home/promise/bin/fio/iomemory-vsl-3.2.10.1509/driver_source/kfio_config/KFIOC_DISCARD_GRANULARITY_IN_LIMITS
+ printf %s\n 0
+ mv /home/promise/bin/fio/iomemory-vsl-3.2.10.1509/driver_source/kfio_config/KFIOC_DISCARD_GRANULARITY_IN_LIMITS/exit.tmp /home/promise/bin/fio/iomemory-vsl-3.2.10.1509/driver_source/kfio_config/KFIOC_DISCARD_GRANULARITY_IN_LIMITS/exit
+ local myflag=1
+ [ 0 != 0 ]
+ set_kfioc_status KFIOC_DISCARD_GRANULARITY_IN_LIMITS 1 result
+ local kfioc_flag=KFIOC_DISCARD_GRANULARITY_IN_LIMITS
+ local value=1
+ local file=result
+ shift 3
+ mkdir -p /home/promise/bin/fio/iomemory-vsl-3.2.10.1509/driver_source/kfio_config/KFIOC_DISCARD_GRANULARITY_IN_LIMITS
+ printf %s\n 1
+ mv /home/promise/bin/fio/iomemory-vsl-3.2.10.1509/driver_source/kfio_config/KFIOC_DISCARD_GRANULARITY_IN_LIMITS/result.tmp /home/promise/bin/fio/iomemory-vsl-3.2.10.1509/driver_source/kfio_config/KFIOC_DISCARD_GRANULARITY_IN_LIMITS/result
