+ KFIOC_HAS_NEW_QUEUECOMMAND_SIGNATURE KFIOC_HAS_NEW_QUEUECOMMAND_SIGNATURE
+ local test_flag=KFIOC_HAS_NEW_QUEUECOMMAND_SIGNATURE
+ local test_code=
#include <scsi/scsi_host.h>
#include <scsi/scsi_cmnd.h>

int myfunc(struct Scsi_Host *shost, struct scsi_cmnd *scmd){
    return 0;
}

struct scsi_host_template testtemplate = {
    .queuecommand = myfunc
};

+ kfioc_test 
#include <scsi/scsi_host.h>
#include <scsi/scsi_cmnd.h>

int myfunc(struct Scsi_Host *shost, struct scsi_cmnd *scmd){
    return 0;
}

struct scsi_host_template testtemplate = {
    .queuecommand = myfunc
};
 KFIOC_HAS_NEW_QUEUECOMMAND_SIGNATURE 1 -Werror
+ local code=
#include <linux/module.h>

#include <scsi/scsi_host.h>
#include <scsi/scsi_cmnd.h>

int myfunc(struct Scsi_Host *shost, struct scsi_cmnd *scmd){
    return 0;
}

struct scsi_host_template testtemplate = {
    .queuecommand = myfunc
};


+ local kfioc_flag=KFIOC_HAS_NEW_QUEUECOMMAND_SIGNATURE
+ local positive_result=1
+ local cflags=-Werror
+ local test_dir=/home/promise/bin/fio/iomemory-vsl-3.2.10.1509/driver_source/kfio_config/KFIOC_HAS_NEW_QUEUECOMMAND_SIGNATURE
+ local result=0
+ local license=
MODULE_LICENSE("Proprietary");

+ mkdir -p /home/promise/bin/fio/iomemory-vsl-3.2.10.1509/driver_source/kfio_config/KFIOC_HAS_NEW_QUEUECOMMAND_SIGNATURE
+ fio_create_makefile KFIOC_HAS_NEW_QUEUECOMMAND_SIGNATURE -Werror
+ local kfioc_flag=KFIOC_HAS_NEW_QUEUECOMMAND_SIGNATURE
+ local extra_cflags=-Werror
+ cat
+ echo 
#include <linux/module.h>

#include <scsi/scsi_host.h>
#include <scsi/scsi_cmnd.h>

int myfunc(struct Scsi_Host *shost, struct scsi_cmnd *scmd){
    return 0;
}

struct scsi_host_template testtemplate = {
    .queuecommand = myfunc
};


+ [ 1 -eq 0 ]
+ echo 
MODULE_LICENSE("Proprietary");

+ [ 1 -eq 0 ]
+ env -i PATH=/home/promise/.nvm/versions/node/v0.12.4/bin:/home/promise/Android/Sdk/platform-tools:/home/promise/.pyenv/shims:/home/promise/.pyenv/bin:/opt/jdk/jdk1.8.0_45/bin:/home/promise/bin:/usr/local/sbin:/usr/local/bin:/usr/sbin:/usr/bin:/sbin:/bin:/usr/games:/usr/local/games:/home/promise/.rvm/bin:/home/promise/.rvm/bin make -C /home/promise/bin/fio/iomemory-vsl-3.2.10.1509/driver_source/kfio_config/KFIOC_HAS_NEW_QUEUECOMMAND_SIGNATURE V=1
+ set_kfioc_status KFIOC_HAS_NEW_QUEUECOMMAND_SIGNATURE 0 exit
+ local kfioc_flag=KFIOC_HAS_NEW_QUEUECOMMAND_SIGNATURE
+ local value=0
+ local file=exit
+ shift 3
+ mkdir -p /home/promise/bin/fio/iomemory-vsl-3.2.10.1509/driver_source/kfio_config/KFIOC_HAS_NEW_QUEUECOMMAND_SIGNATURE
+ printf %s\n 0
+ mv /home/promise/bin/fio/iomemory-vsl-3.2.10.1509/driver_source/kfio_config/KFIOC_HAS_NEW_QUEUECOMMAND_SIGNATURE/exit.tmp /home/promise/bin/fio/iomemory-vsl-3.2.10.1509/driver_source/kfio_config/KFIOC_HAS_NEW_QUEUECOMMAND_SIGNATURE/exit
+ local myflag=1
+ [ 0 != 0 ]
+ set_kfioc_status KFIOC_HAS_NEW_QUEUECOMMAND_SIGNATURE 1 result
+ local kfioc_flag=KFIOC_HAS_NEW_QUEUECOMMAND_SIGNATURE
+ local value=1
+ local file=result
+ shift 3
+ mkdir -p /home/promise/bin/fio/iomemory-vsl-3.2.10.1509/driver_source/kfio_config/KFIOC_HAS_NEW_QUEUECOMMAND_SIGNATURE
+ printf %s\n 1
+ mv /home/promise/bin/fio/iomemory-vsl-3.2.10.1509/driver_source/kfio_config/KFIOC_HAS_NEW_QUEUECOMMAND_SIGNATURE/result.tmp /home/promise/bin/fio/iomemory-vsl-3.2.10.1509/driver_source/kfio_config/KFIOC_HAS_NEW_QUEUECOMMAND_SIGNATURE/result
