+ KFIOC_HAS_INFLIGHT_RW KFIOC_HAS_INFLIGHT_RW
+ local test_flag=KFIOC_HAS_INFLIGHT_RW
+ local test_code=
#include <linux/blkdev.h>
void kfioc_has_inflight_rw_stats(void)
{
    struct gendisk gd;
    gd.part0.in_flight[0] = 0;
}

+ kfioc_test 
#include <linux/blkdev.h>
void kfioc_has_inflight_rw_stats(void)
{
    struct gendisk gd;
    gd.part0.in_flight[0] = 0;
}
 KFIOC_HAS_INFLIGHT_RW 1
+ local code=
#include <linux/module.h>

#include <linux/blkdev.h>
void kfioc_has_inflight_rw_stats(void)
{
    struct gendisk gd;
    gd.part0.in_flight[0] = 0;
}


+ local kfioc_flag=KFIOC_HAS_INFLIGHT_RW
+ local positive_result=1
+ local cflags=
+ local test_dir=/home/promise/bin/fio/iomemory-vsl-3.2.10.1509/driver_source/kfio_config/KFIOC_HAS_INFLIGHT_RW
+ local result=0
+ local license=
MODULE_LICENSE("Proprietary");

+ mkdir -p /home/promise/bin/fio/iomemory-vsl-3.2.10.1509/driver_source/kfio_config/KFIOC_HAS_INFLIGHT_RW
+ fio_create_makefile KFIOC_HAS_INFLIGHT_RW 
+ local kfioc_flag=KFIOC_HAS_INFLIGHT_RW
+ local extra_cflags=
+ cat
+ echo 
#include <linux/module.h>

#include <linux/blkdev.h>
void kfioc_has_inflight_rw_stats(void)
{
    struct gendisk gd;
    gd.part0.in_flight[0] = 0;
}


+ [ 1 -eq 0 ]
+ echo 
MODULE_LICENSE("Proprietary");

+ [ 1 -eq 0 ]
+ env -i PATH=/home/promise/.nvm/versions/node/v0.12.4/bin:/home/promise/Android/Sdk/platform-tools:/home/promise/.pyenv/shims:/home/promise/.pyenv/bin:/opt/jdk/jdk1.8.0_45/bin:/home/promise/bin:/usr/local/sbin:/usr/local/bin:/usr/sbin:/usr/bin:/sbin:/bin:/usr/games:/usr/local/games:/home/promise/.rvm/bin:/home/promise/.rvm/bin make -C /home/promise/bin/fio/iomemory-vsl-3.2.10.1509/driver_source/kfio_config/KFIOC_HAS_INFLIGHT_RW V=1
+ result=2
+ set_kfioc_status KFIOC_HAS_INFLIGHT_RW 2 exit
+ local kfioc_flag=KFIOC_HAS_INFLIGHT_RW
+ local value=2
+ local file=exit
+ shift 3
+ mkdir -p /home/promise/bin/fio/iomemory-vsl-3.2.10.1509/driver_source/kfio_config/KFIOC_HAS_INFLIGHT_RW
+ printf %s\n 2
+ mv /home/promise/bin/fio/iomemory-vsl-3.2.10.1509/driver_source/kfio_config/KFIOC_HAS_INFLIGHT_RW/exit.tmp /home/promise/bin/fio/iomemory-vsl-3.2.10.1509/driver_source/kfio_config/KFIOC_HAS_INFLIGHT_RW/exit
+ local myflag=1
+ [ 2 != 0 ]
+ myflag=0
+ set_kfioc_status KFIOC_HAS_INFLIGHT_RW 0 result
+ local kfioc_flag=KFIOC_HAS_INFLIGHT_RW
+ local value=0
+ local file=result
+ shift 3
+ mkdir -p /home/promise/bin/fio/iomemory-vsl-3.2.10.1509/driver_source/kfio_config/KFIOC_HAS_INFLIGHT_RW
+ printf %s\n 0
+ mv /home/promise/bin/fio/iomemory-vsl-3.2.10.1509/driver_source/kfio_config/KFIOC_HAS_INFLIGHT_RW/result.tmp /home/promise/bin/fio/iomemory-vsl-3.2.10.1509/driver_source/kfio_config/KFIOC_HAS_INFLIGHT_RW/result
