+ KFIOC_REQUEST_QUEUE_HAS_UNPLUG_FN KFIOC_REQUEST_QUEUE_HAS_UNPLUG_FN
+ local test_flag=KFIOC_REQUEST_QUEUE_HAS_UNPLUG_FN
+ local test_code=
#include <linux/blkdev.h>

void kfioc_test_request_queue_unplug(void) {
    struct request_queue q = { .unplug_fn = NULL };
    (void)q;
}

+ kfioc_test 
#include <linux/blkdev.h>

void kfioc_test_request_queue_unplug(void) {
    struct request_queue q = { .unplug_fn = NULL };
    (void)q;
}
 KFIOC_REQUEST_QUEUE_HAS_UNPLUG_FN 1
+ local code=
#include <linux/module.h>

#include <linux/blkdev.h>

void kfioc_test_request_queue_unplug(void) {
    struct request_queue q = { .unplug_fn = NULL };
    (void)q;
}


+ local kfioc_flag=KFIOC_REQUEST_QUEUE_HAS_UNPLUG_FN
+ local positive_result=1
+ local cflags=
+ local test_dir=/home/promise/bin/fio/iomemory-vsl-3.2.10.1509/driver_source/kfio_config/KFIOC_REQUEST_QUEUE_HAS_UNPLUG_FN
+ local result=0
+ local license=
MODULE_LICENSE("Proprietary");

+ mkdir -p /home/promise/bin/fio/iomemory-vsl-3.2.10.1509/driver_source/kfio_config/KFIOC_REQUEST_QUEUE_HAS_UNPLUG_FN
+ fio_create_makefile KFIOC_REQUEST_QUEUE_HAS_UNPLUG_FN 
+ local kfioc_flag=KFIOC_REQUEST_QUEUE_HAS_UNPLUG_FN
+ local extra_cflags=
+ cat
+ echo 
#include <linux/module.h>

#include <linux/blkdev.h>

void kfioc_test_request_queue_unplug(void) {
    struct request_queue q = { .unplug_fn = NULL };
    (void)q;
}


+ [ 1 -eq 0 ]
+ echo 
MODULE_LICENSE("Proprietary");

+ [ 1 -eq 0 ]
+ env -i PATH=/home/promise/.nvm/versions/node/v0.12.4/bin:/home/promise/Android/Sdk/platform-tools:/home/promise/.pyenv/shims:/home/promise/.pyenv/bin:/opt/jdk/jdk1.8.0_45/bin:/home/promise/bin:/usr/local/sbin:/usr/local/bin:/usr/sbin:/usr/bin:/sbin:/bin:/usr/games:/usr/local/games:/home/promise/.rvm/bin:/home/promise/.rvm/bin make -C /home/promise/bin/fio/iomemory-vsl-3.2.10.1509/driver_source/kfio_config/KFIOC_REQUEST_QUEUE_HAS_UNPLUG_FN V=1
+ result=2
+ set_kfioc_status KFIOC_REQUEST_QUEUE_HAS_UNPLUG_FN 2 exit
+ local kfioc_flag=KFIOC_REQUEST_QUEUE_HAS_UNPLUG_FN
+ local value=2
+ local file=exit
+ shift 3
+ mkdir -p /home/promise/bin/fio/iomemory-vsl-3.2.10.1509/driver_source/kfio_config/KFIOC_REQUEST_QUEUE_HAS_UNPLUG_FN
+ printf %s\n 2
+ mv /home/promise/bin/fio/iomemory-vsl-3.2.10.1509/driver_source/kfio_config/KFIOC_REQUEST_QUEUE_HAS_UNPLUG_FN/exit.tmp /home/promise/bin/fio/iomemory-vsl-3.2.10.1509/driver_source/kfio_config/KFIOC_REQUEST_QUEUE_HAS_UNPLUG_FN/exit
+ local myflag=1
+ [ 2 != 0 ]
+ myflag=0
+ set_kfioc_status KFIOC_REQUEST_QUEUE_HAS_UNPLUG_FN 0 result
+ local kfioc_flag=KFIOC_REQUEST_QUEUE_HAS_UNPLUG_FN
+ local value=0
+ local file=result
+ shift 3
+ mkdir -p /home/promise/bin/fio/iomemory-vsl-3.2.10.1509/driver_source/kfio_config/KFIOC_REQUEST_QUEUE_HAS_UNPLUG_FN
+ printf %s\n 0
+ mv /home/promise/bin/fio/iomemory-vsl-3.2.10.1509/driver_source/kfio_config/KFIOC_REQUEST_QUEUE_HAS_UNPLUG_FN/result.tmp /home/promise/bin/fio/iomemory-vsl-3.2.10.1509/driver_source/kfio_config/KFIOC_REQUEST_QUEUE_HAS_UNPLUG_FN/result
