+ KFIOC_UNREGISTER_BLKDEV_RETURNS_VOID KFIOC_UNREGISTER_BLKDEV_RETURNS_VOID
+ local test_flag=KFIOC_UNREGISTER_BLKDEV_RETURNS_VOID
+ local test_code=
#include <linux/fs.h>

int kfioc_test_unregister_blkdev(void) {
    int rc = 0;
    rc = unregister_blkdev(0, NULL);
    return rc;
}

+ kfioc_test 
#include <linux/fs.h>

int kfioc_test_unregister_blkdev(void) {
    int rc = 0;
    rc = unregister_blkdev(0, NULL);
    return rc;
}
 KFIOC_UNREGISTER_BLKDEV_RETURNS_VOID 0
+ local code=
#include <linux/module.h>

#include <linux/fs.h>

int kfioc_test_unregister_blkdev(void) {
    int rc = 0;
    rc = unregister_blkdev(0, NULL);
    return rc;
}


+ local kfioc_flag=KFIOC_UNREGISTER_BLKDEV_RETURNS_VOID
+ local positive_result=0
+ local cflags=
+ local test_dir=/home/promise/bin/fio/iomemory-vsl-3.2.10.1509/driver_source/kfio_config/KFIOC_UNREGISTER_BLKDEV_RETURNS_VOID
+ local result=0
+ local license=
MODULE_LICENSE("Proprietary");

+ mkdir -p /home/promise/bin/fio/iomemory-vsl-3.2.10.1509/driver_source/kfio_config/KFIOC_UNREGISTER_BLKDEV_RETURNS_VOID
+ fio_create_makefile KFIOC_UNREGISTER_BLKDEV_RETURNS_VOID 
+ local kfioc_flag=KFIOC_UNREGISTER_BLKDEV_RETURNS_VOID
+ local extra_cflags=
+ cat
+ echo 
#include <linux/module.h>

#include <linux/fs.h>

int kfioc_test_unregister_blkdev(void) {
    int rc = 0;
    rc = unregister_blkdev(0, NULL);
    return rc;
}


+ [ 1 -eq 0 ]
+ echo 
MODULE_LICENSE("Proprietary");

+ [ 1 -eq 0 ]
+ env -i PATH=/home/promise/.nvm/versions/node/v0.12.4/bin:/home/promise/Android/Sdk/platform-tools:/home/promise/.pyenv/shims:/home/promise/.pyenv/bin:/opt/jdk/jdk1.8.0_45/bin:/home/promise/bin:/usr/local/sbin:/usr/local/bin:/usr/sbin:/usr/bin:/sbin:/bin:/usr/games:/usr/local/games:/home/promise/.rvm/bin:/home/promise/.rvm/bin make -C /home/promise/bin/fio/iomemory-vsl-3.2.10.1509/driver_source/kfio_config/KFIOC_UNREGISTER_BLKDEV_RETURNS_VOID V=1
+ result=2
+ set_kfioc_status KFIOC_UNREGISTER_BLKDEV_RETURNS_VOID 2 exit
+ local kfioc_flag=KFIOC_UNREGISTER_BLKDEV_RETURNS_VOID
+ local value=2
+ local file=exit
+ shift 3
+ mkdir -p /home/promise/bin/fio/iomemory-vsl-3.2.10.1509/driver_source/kfio_config/KFIOC_UNREGISTER_BLKDEV_RETURNS_VOID
+ printf %s\n 2
+ mv /home/promise/bin/fio/iomemory-vsl-3.2.10.1509/driver_source/kfio_config/KFIOC_UNREGISTER_BLKDEV_RETURNS_VOID/exit.tmp /home/promise/bin/fio/iomemory-vsl-3.2.10.1509/driver_source/kfio_config/KFIOC_UNREGISTER_BLKDEV_RETURNS_VOID/exit
+ local myflag=0
+ [ 2 != 0 ]
+ myflag=1
+ set_kfioc_status KFIOC_UNREGISTER_BLKDEV_RETURNS_VOID 1 result
+ local kfioc_flag=KFIOC_UNREGISTER_BLKDEV_RETURNS_VOID
+ local value=1
+ local file=result
+ shift 3
+ mkdir -p /home/promise/bin/fio/iomemory-vsl-3.2.10.1509/driver_source/kfio_config/KFIOC_UNREGISTER_BLKDEV_RETURNS_VOID
+ printf %s\n 1
+ mv /home/promise/bin/fio/iomemory-vsl-3.2.10.1509/driver_source/kfio_config/KFIOC_UNREGISTER_BLKDEV_RETURNS_VOID/result.tmp /home/promise/bin/fio/iomemory-vsl-3.2.10.1509/driver_source/kfio_config/KFIOC_UNREGISTER_BLKDEV_RETURNS_VOID/result
