+ KFIOC_KMAP_ATOMIC_NEEDS_TYPE KFIOC_KMAP_ATOMIC_NEEDS_TYPE
+ local test_flag=KFIOC_KMAP_ATOMIC_NEEDS_TYPE
+ local test_code=
#include <linux/highmem.h>
void kmap_atomic_needs_type(void)
{
    kmap_atomic(NULL, 0);
}

+ kfioc_test 
#include <linux/highmem.h>
void kmap_atomic_needs_type(void)
{
    kmap_atomic(NULL, 0);
}
 KFIOC_KMAP_ATOMIC_NEEDS_TYPE 1 -Werror
+ local code=
#include <linux/module.h>

#include <linux/highmem.h>
void kmap_atomic_needs_type(void)
{
    kmap_atomic(NULL, 0);
}


+ local kfioc_flag=KFIOC_KMAP_ATOMIC_NEEDS_TYPE
+ local positive_result=1
+ local cflags=-Werror
+ local test_dir=/home/promise/bin/fio/iomemory-vsl-3.2.10.1509/driver_source/kfio_config/KFIOC_KMAP_ATOMIC_NEEDS_TYPE
+ local result=0
+ local license=
MODULE_LICENSE("Proprietary");

+ mkdir -p /home/promise/bin/fio/iomemory-vsl-3.2.10.1509/driver_source/kfio_config/KFIOC_KMAP_ATOMIC_NEEDS_TYPE
+ fio_create_makefile KFIOC_KMAP_ATOMIC_NEEDS_TYPE -Werror
+ local kfioc_flag=KFIOC_KMAP_ATOMIC_NEEDS_TYPE
+ local extra_cflags=-Werror
+ cat
+ echo 
#include <linux/module.h>

#include <linux/highmem.h>
void kmap_atomic_needs_type(void)
{
    kmap_atomic(NULL, 0);
}


+ [ 1 -eq 0 ]
+ echo 
MODULE_LICENSE("Proprietary");

+ [ 1 -eq 0 ]
+ env -i PATH=/home/promise/.nvm/versions/node/v0.12.4/bin:/home/promise/Android/Sdk/platform-tools:/home/promise/.pyenv/shims:/home/promise/.pyenv/bin:/opt/jdk/jdk1.8.0_45/bin:/home/promise/bin:/usr/local/sbin:/usr/local/bin:/usr/sbin:/usr/bin:/sbin:/bin:/usr/games:/usr/local/games:/home/promise/.rvm/bin:/home/promise/.rvm/bin make -C /home/promise/bin/fio/iomemory-vsl-3.2.10.1509/driver_source/kfio_config/KFIOC_KMAP_ATOMIC_NEEDS_TYPE V=1
+ result=2
+ set_kfioc_status KFIOC_KMAP_ATOMIC_NEEDS_TYPE 2 exit
+ local kfioc_flag=KFIOC_KMAP_ATOMIC_NEEDS_TYPE
+ local value=2
+ local file=exit
+ shift 3
+ mkdir -p /home/promise/bin/fio/iomemory-vsl-3.2.10.1509/driver_source/kfio_config/KFIOC_KMAP_ATOMIC_NEEDS_TYPE
+ printf %s\n 2
+ mv /home/promise/bin/fio/iomemory-vsl-3.2.10.1509/driver_source/kfio_config/KFIOC_KMAP_ATOMIC_NEEDS_TYPE/exit.tmp /home/promise/bin/fio/iomemory-vsl-3.2.10.1509/driver_source/kfio_config/KFIOC_KMAP_ATOMIC_NEEDS_TYPE/exit
+ local myflag=1
+ [ 2 != 0 ]
+ myflag=0
+ set_kfioc_status KFIOC_KMAP_ATOMIC_NEEDS_TYPE 0 result
+ local kfioc_flag=KFIOC_KMAP_ATOMIC_NEEDS_TYPE
+ local value=0
+ local file=result
+ shift 3
+ mkdir -p /home/promise/bin/fio/iomemory-vsl-3.2.10.1509/driver_source/kfio_config/KFIOC_KMAP_ATOMIC_NEEDS_TYPE
+ printf %s\n 0
+ mv /home/promise/bin/fio/iomemory-vsl-3.2.10.1509/driver_source/kfio_config/KFIOC_KMAP_ATOMIC_NEEDS_TYPE/result.tmp /home/promise/bin/fio/iomemory-vsl-3.2.10.1509/driver_source/kfio_config/KFIOC_KMAP_ATOMIC_NEEDS_TYPE/result
