+ KFIOC_MISSING_WORK_FUNC_T KFIOC_MISSING_WORK_FUNC_T
+ local test_flag=KFIOC_MISSING_WORK_FUNC_T
+ local test_code=
#include <linux/workqueue.h>

void kfio_test_work_func_t(void) {
    work_func_t *fn;
    fn = NULL;
}

+ kfioc_test 
#include <linux/workqueue.h>

void kfio_test_work_func_t(void) {
    work_func_t *fn;
    fn = NULL;
}
 KFIOC_MISSING_WORK_FUNC_T 0
+ local code=
#include <linux/module.h>

#include <linux/workqueue.h>

void kfio_test_work_func_t(void) {
    work_func_t *fn;
    fn = NULL;
}


+ local kfioc_flag=KFIOC_MISSING_WORK_FUNC_T
+ local positive_result=0
+ local cflags=
+ local test_dir=/home/promise/bin/fio/iomemory-vsl-3.2.10.1509/driver_source/kfio_config/KFIOC_MISSING_WORK_FUNC_T
+ local result=0
+ local license=
MODULE_LICENSE("Proprietary");

+ mkdir -p /home/promise/bin/fio/iomemory-vsl-3.2.10.1509/driver_source/kfio_config/KFIOC_MISSING_WORK_FUNC_T
+ fio_create_makefile KFIOC_MISSING_WORK_FUNC_T 
+ local kfioc_flag=KFIOC_MISSING_WORK_FUNC_T
+ local extra_cflags=
+ cat
+ echo 
#include <linux/module.h>

#include <linux/workqueue.h>

void kfio_test_work_func_t(void) {
    work_func_t *fn;
    fn = NULL;
}


+ [ 1 -eq 0 ]
+ echo 
MODULE_LICENSE("Proprietary");

+ [ 1 -eq 0 ]
+ env -i PATH=/home/promise/.nvm/versions/node/v0.12.4/bin:/home/promise/Android/Sdk/platform-tools:/home/promise/.pyenv/shims:/home/promise/.pyenv/bin:/opt/jdk/jdk1.8.0_45/bin:/home/promise/bin:/usr/local/sbin:/usr/local/bin:/usr/sbin:/usr/bin:/sbin:/bin:/usr/games:/usr/local/games:/home/promise/.rvm/bin:/home/promise/.rvm/bin make -C /home/promise/bin/fio/iomemory-vsl-3.2.10.1509/driver_source/kfio_config/KFIOC_MISSING_WORK_FUNC_T V=1
+ set_kfioc_status KFIOC_MISSING_WORK_FUNC_T 0 exit
+ local kfioc_flag=KFIOC_MISSING_WORK_FUNC_T
+ local value=0
+ local file=exit
+ shift 3
+ mkdir -p /home/promise/bin/fio/iomemory-vsl-3.2.10.1509/driver_source/kfio_config/KFIOC_MISSING_WORK_FUNC_T
+ printf %s\n 0
+ mv /home/promise/bin/fio/iomemory-vsl-3.2.10.1509/driver_source/kfio_config/KFIOC_MISSING_WORK_FUNC_T/exit.tmp /home/promise/bin/fio/iomemory-vsl-3.2.10.1509/driver_source/kfio_config/KFIOC_MISSING_WORK_FUNC_T/exit
+ local myflag=0
+ [ 0 != 0 ]
+ set_kfioc_status KFIOC_MISSING_WORK_FUNC_T 0 result
+ local kfioc_flag=KFIOC_MISSING_WORK_FUNC_T
+ local value=0
+ local file=result
+ shift 3
+ mkdir -p /home/promise/bin/fio/iomemory-vsl-3.2.10.1509/driver_source/kfio_config/KFIOC_MISSING_WORK_FUNC_T
+ printf %s\n 0
+ mv /home/promise/bin/fio/iomemory-vsl-3.2.10.1509/driver_source/kfio_config/KFIOC_MISSING_WORK_FUNC_T/result.tmp /home/promise/bin/fio/iomemory-vsl-3.2.10.1509/driver_source/kfio_config/KFIOC_MISSING_WORK_FUNC_T/result
