+ KFIOC_HAS_BLK_ALLOC_QUEUE_NODE KFIOC_HAS_BLK_ALLOC_QUEUE_NODE
+ local test_flag=KFIOC_HAS_BLK_ALLOC_QUEUE_NODE
+ local test_code=
#include <linux/blkdev.h>

void kfioc_has_blk_alloc_queue_node(void)
{
    struct request_queue *rq = NULL;
    rq = blk_alloc_queue_node(GFP_NOIO, -1);
}

+ kfioc_test 
#include <linux/blkdev.h>

void kfioc_has_blk_alloc_queue_node(void)
{
    struct request_queue *rq = NULL;
    rq = blk_alloc_queue_node(GFP_NOIO, -1);
}
 KFIOC_HAS_BLK_ALLOC_QUEUE_NODE 1 -Werror-implicit-function-declaration
+ local code=
#include <linux/module.h>

#include <linux/blkdev.h>

void kfioc_has_blk_alloc_queue_node(void)
{
    struct request_queue *rq = NULL;
    rq = blk_alloc_queue_node(GFP_NOIO, -1);
}


+ local kfioc_flag=KFIOC_HAS_BLK_ALLOC_QUEUE_NODE
+ local positive_result=1
+ local cflags=-Werror-implicit-function-declaration
+ local test_dir=/home/promise/bin/fio/iomemory-vsl-3.2.10.1509/driver_source/kfio_config/KFIOC_HAS_BLK_ALLOC_QUEUE_NODE
+ local result=0
+ local license=
MODULE_LICENSE("Proprietary");

+ mkdir -p /home/promise/bin/fio/iomemory-vsl-3.2.10.1509/driver_source/kfio_config/KFIOC_HAS_BLK_ALLOC_QUEUE_NODE
+ fio_create_makefile KFIOC_HAS_BLK_ALLOC_QUEUE_NODE -Werror-implicit-function-declaration
+ local kfioc_flag=KFIOC_HAS_BLK_ALLOC_QUEUE_NODE
+ local extra_cflags=-Werror-implicit-function-declaration
+ cat
+ echo 
#include <linux/module.h>

#include <linux/blkdev.h>

void kfioc_has_blk_alloc_queue_node(void)
{
    struct request_queue *rq = NULL;
    rq = blk_alloc_queue_node(GFP_NOIO, -1);
}


+ [ 1 -eq 0 ]
+ echo 
MODULE_LICENSE("Proprietary");

+ [ 1 -eq 0 ]
+ env -i PATH=/home/promise/.nvm/versions/node/v0.12.4/bin:/home/promise/Android/Sdk/platform-tools:/home/promise/.pyenv/shims:/home/promise/.pyenv/bin:/opt/jdk/jdk1.8.0_45/bin:/home/promise/bin:/usr/local/sbin:/usr/local/bin:/usr/sbin:/usr/bin:/sbin:/bin:/usr/games:/usr/local/games:/home/promise/.rvm/bin:/home/promise/.rvm/bin make -C /home/promise/bin/fio/iomemory-vsl-3.2.10.1509/driver_source/kfio_config/KFIOC_HAS_BLK_ALLOC_QUEUE_NODE V=1
+ set_kfioc_status KFIOC_HAS_BLK_ALLOC_QUEUE_NODE 0 exit
+ local kfioc_flag=KFIOC_HAS_BLK_ALLOC_QUEUE_NODE
+ local value=0
+ local file=exit
+ shift 3
+ mkdir -p /home/promise/bin/fio/iomemory-vsl-3.2.10.1509/driver_source/kfio_config/KFIOC_HAS_BLK_ALLOC_QUEUE_NODE
+ printf %s\n 0
+ mv /home/promise/bin/fio/iomemory-vsl-3.2.10.1509/driver_source/kfio_config/KFIOC_HAS_BLK_ALLOC_QUEUE_NODE/exit.tmp /home/promise/bin/fio/iomemory-vsl-3.2.10.1509/driver_source/kfio_config/KFIOC_HAS_BLK_ALLOC_QUEUE_NODE/exit
+ local myflag=1
+ [ 0 != 0 ]
+ set_kfioc_status KFIOC_HAS_BLK_ALLOC_QUEUE_NODE 1 result
+ local kfioc_flag=KFIOC_HAS_BLK_ALLOC_QUEUE_NODE
+ local value=1
+ local file=result
+ shift 3
+ mkdir -p /home/promise/bin/fio/iomemory-vsl-3.2.10.1509/driver_source/kfio_config/KFIOC_HAS_BLK_ALLOC_QUEUE_NODE
+ printf %s\n 1
+ mv /home/promise/bin/fio/iomemory-vsl-3.2.10.1509/driver_source/kfio_config/KFIOC_HAS_BLK_ALLOC_QUEUE_NODE/result.tmp /home/promise/bin/fio/iomemory-vsl-3.2.10.1509/driver_source/kfio_config/KFIOC_HAS_BLK_ALLOC_QUEUE_NODE/result
