+ KFIOC_MAKE_REQUEST_FN_VOID KFIOC_MAKE_REQUEST_FN_VOID
+ local test_flag=KFIOC_MAKE_REQUEST_FN_VOID
+ local test_code=
#include <linux/blkdev.h>
static void my_make_request_fn(struct request_queue *q, struct bio *bio)
{
}
void test_make_request_fn(void)
{
    blk_queue_make_request(NULL, my_make_request_fn);
}

+ kfioc_test 
#include <linux/blkdev.h>
static void my_make_request_fn(struct request_queue *q, struct bio *bio)
{
}
void test_make_request_fn(void)
{
    blk_queue_make_request(NULL, my_make_request_fn);
}
 KFIOC_MAKE_REQUEST_FN_VOID 1 -Werror
+ local code=
#include <linux/module.h>

#include <linux/blkdev.h>
static void my_make_request_fn(struct request_queue *q, struct bio *bio)
{
}
void test_make_request_fn(void)
{
    blk_queue_make_request(NULL, my_make_request_fn);
}


+ local kfioc_flag=KFIOC_MAKE_REQUEST_FN_VOID
+ local positive_result=1
+ local cflags=-Werror
+ local test_dir=/home/promise/bin/fio/iomemory-vsl-3.2.10.1509/driver_source/kfio_config/KFIOC_MAKE_REQUEST_FN_VOID
+ local result=0
+ local license=
MODULE_LICENSE("Proprietary");

+ mkdir -p /home/promise/bin/fio/iomemory-vsl-3.2.10.1509/driver_source/kfio_config/KFIOC_MAKE_REQUEST_FN_VOID
+ fio_create_makefile KFIOC_MAKE_REQUEST_FN_VOID -Werror
+ local kfioc_flag=KFIOC_MAKE_REQUEST_FN_VOID
+ local extra_cflags=-Werror
+ cat
+ echo 
#include <linux/module.h>

#include <linux/blkdev.h>
static void my_make_request_fn(struct request_queue *q, struct bio *bio)
{
}
void test_make_request_fn(void)
{
    blk_queue_make_request(NULL, my_make_request_fn);
}


+ [ 1 -eq 0 ]
+ echo 
MODULE_LICENSE("Proprietary");

+ [ 1 -eq 0 ]
+ env -i PATH=/home/promise/.nvm/versions/node/v0.12.4/bin:/home/promise/Android/Sdk/platform-tools:/home/promise/.pyenv/shims:/home/promise/.pyenv/bin:/opt/jdk/jdk1.8.0_45/bin:/home/promise/bin:/usr/local/sbin:/usr/local/bin:/usr/sbin:/usr/bin:/sbin:/bin:/usr/games:/usr/local/games:/home/promise/.rvm/bin:/home/promise/.rvm/bin make -C /home/promise/bin/fio/iomemory-vsl-3.2.10.1509/driver_source/kfio_config/KFIOC_MAKE_REQUEST_FN_VOID V=1
+ set_kfioc_status KFIOC_MAKE_REQUEST_FN_VOID 0 exit
+ local kfioc_flag=KFIOC_MAKE_REQUEST_FN_VOID
+ local value=0
+ local file=exit
+ shift 3
+ mkdir -p /home/promise/bin/fio/iomemory-vsl-3.2.10.1509/driver_source/kfio_config/KFIOC_MAKE_REQUEST_FN_VOID
+ printf %s\n 0
+ mv /home/promise/bin/fio/iomemory-vsl-3.2.10.1509/driver_source/kfio_config/KFIOC_MAKE_REQUEST_FN_VOID/exit.tmp /home/promise/bin/fio/iomemory-vsl-3.2.10.1509/driver_source/kfio_config/KFIOC_MAKE_REQUEST_FN_VOID/exit
+ local myflag=1
+ [ 0 != 0 ]
+ set_kfioc_status KFIOC_MAKE_REQUEST_FN_VOID 1 result
+ local kfioc_flag=KFIOC_MAKE_REQUEST_FN_VOID
+ local value=1
+ local file=result
+ shift 3
+ mkdir -p /home/promise/bin/fio/iomemory-vsl-3.2.10.1509/driver_source/kfio_config/KFIOC_MAKE_REQUEST_FN_VOID
+ printf %s\n 1
+ mv /home/promise/bin/fio/iomemory-vsl-3.2.10.1509/driver_source/kfio_config/KFIOC_MAKE_REQUEST_FN_VOID/result.tmp /home/promise/bin/fio/iomemory-vsl-3.2.10.1509/driver_source/kfio_config/KFIOC_MAKE_REQUEST_FN_VOID/result
