+ KFIOC_FOPS_USE_LOCKED_IOCTL KFIOC_FOPS_USE_LOCKED_IOCTL
+ local test_flag=KFIOC_FOPS_USE_LOCKED_IOCTL
+ local test_code=
#include <linux/fs.h>
void foo(void)
{
    struct file_operations fops;
    fops.ioctl = NULL;
}

+ kfioc_test 
#include <linux/fs.h>
void foo(void)
{
    struct file_operations fops;
    fops.ioctl = NULL;
}
 KFIOC_FOPS_USE_LOCKED_IOCTL 1 -Werror
+ local code=
#include <linux/module.h>

#include <linux/fs.h>
void foo(void)
{
    struct file_operations fops;
    fops.ioctl = NULL;
}


+ local kfioc_flag=KFIOC_FOPS_USE_LOCKED_IOCTL
+ local positive_result=1
+ local cflags=-Werror
+ local test_dir=/home/promise/bin/fio/iomemory-vsl-3.2.10.1509/driver_source/kfio_config/KFIOC_FOPS_USE_LOCKED_IOCTL
+ local result=0
+ local license=
MODULE_LICENSE("Proprietary");

+ mkdir -p /home/promise/bin/fio/iomemory-vsl-3.2.10.1509/driver_source/kfio_config/KFIOC_FOPS_USE_LOCKED_IOCTL
+ fio_create_makefile KFIOC_FOPS_USE_LOCKED_IOCTL -Werror
+ local kfioc_flag=KFIOC_FOPS_USE_LOCKED_IOCTL
+ local extra_cflags=-Werror
+ cat
+ echo 
#include <linux/module.h>

#include <linux/fs.h>
void foo(void)
{
    struct file_operations fops;
    fops.ioctl = NULL;
}


+ [ 1 -eq 0 ]
+ echo 
MODULE_LICENSE("Proprietary");

+ [ 1 -eq 0 ]
+ env -i PATH=/home/promise/.nvm/versions/node/v0.12.4/bin:/home/promise/Android/Sdk/platform-tools:/home/promise/.pyenv/shims:/home/promise/.pyenv/bin:/opt/jdk/jdk1.8.0_45/bin:/home/promise/bin:/usr/local/sbin:/usr/local/bin:/usr/sbin:/usr/bin:/sbin:/bin:/usr/games:/usr/local/games:/home/promise/.rvm/bin:/home/promise/.rvm/bin make -C /home/promise/bin/fio/iomemory-vsl-3.2.10.1509/driver_source/kfio_config/KFIOC_FOPS_USE_LOCKED_IOCTL V=1
+ result=2
+ set_kfioc_status KFIOC_FOPS_USE_LOCKED_IOCTL 2 exit
+ local kfioc_flag=KFIOC_FOPS_USE_LOCKED_IOCTL
+ local value=2
+ local file=exit
+ shift 3
+ mkdir -p /home/promise/bin/fio/iomemory-vsl-3.2.10.1509/driver_source/kfio_config/KFIOC_FOPS_USE_LOCKED_IOCTL
+ printf %s\n 2
+ mv /home/promise/bin/fio/iomemory-vsl-3.2.10.1509/driver_source/kfio_config/KFIOC_FOPS_USE_LOCKED_IOCTL/exit.tmp /home/promise/bin/fio/iomemory-vsl-3.2.10.1509/driver_source/kfio_config/KFIOC_FOPS_USE_LOCKED_IOCTL/exit
+ local myflag=1
+ [ 2 != 0 ]
+ myflag=0
+ set_kfioc_status KFIOC_FOPS_USE_LOCKED_IOCTL 0 result
+ local kfioc_flag=KFIOC_FOPS_USE_LOCKED_IOCTL
+ local value=0
+ local file=result
+ shift 3
+ mkdir -p /home/promise/bin/fio/iomemory-vsl-3.2.10.1509/driver_source/kfio_config/KFIOC_FOPS_USE_LOCKED_IOCTL
+ printf %s\n 0
+ mv /home/promise/bin/fio/iomemory-vsl-3.2.10.1509/driver_source/kfio_config/KFIOC_FOPS_USE_LOCKED_IOCTL/result.tmp /home/promise/bin/fio/iomemory-vsl-3.2.10.1509/driver_source/kfio_config/KFIOC_FOPS_USE_LOCKED_IOCTL/result
