+ KFIOC_QUEUE_HAS_RANDOM_FLAG KFIOC_QUEUE_HAS_RANDOM_FLAG
+ local test_flag=KFIOC_QUEUE_HAS_RANDOM_FLAG
+ local test_code=
#include <linux/blkdev.h>
void kfioc_check_random_flag(void)
{
    queue_flag_clear_unlocked(QUEUE_FLAG_ADD_RANDOM, NULL);
}

+ kfioc_test 
#include <linux/blkdev.h>
void kfioc_check_random_flag(void)
{
    queue_flag_clear_unlocked(QUEUE_FLAG_ADD_RANDOM, NULL);
}
 KFIOC_QUEUE_HAS_RANDOM_FLAG 1 -Werror
+ local code=
#include <linux/module.h>

#include <linux/blkdev.h>
void kfioc_check_random_flag(void)
{
    queue_flag_clear_unlocked(QUEUE_FLAG_ADD_RANDOM, NULL);
}


+ local kfioc_flag=KFIOC_QUEUE_HAS_RANDOM_FLAG
+ local positive_result=1
+ local cflags=-Werror
+ local test_dir=/home/promise/bin/fio/iomemory-vsl-3.2.10.1509/driver_source/kfio_config/KFIOC_QUEUE_HAS_RANDOM_FLAG
+ local result=0
+ local license=
MODULE_LICENSE("Proprietary");

+ mkdir -p /home/promise/bin/fio/iomemory-vsl-3.2.10.1509/driver_source/kfio_config/KFIOC_QUEUE_HAS_RANDOM_FLAG
+ fio_create_makefile KFIOC_QUEUE_HAS_RANDOM_FLAG -Werror
+ local kfioc_flag=KFIOC_QUEUE_HAS_RANDOM_FLAG
+ local extra_cflags=-Werror
+ cat
+ echo 
#include <linux/module.h>

#include <linux/blkdev.h>
void kfioc_check_random_flag(void)
{
    queue_flag_clear_unlocked(QUEUE_FLAG_ADD_RANDOM, NULL);
}


+ [ 1 -eq 0 ]
+ echo 
MODULE_LICENSE("Proprietary");

+ [ 1 -eq 0 ]
+ env -i PATH=/home/promise/.nvm/versions/node/v0.12.4/bin:/home/promise/Android/Sdk/platform-tools:/home/promise/.pyenv/shims:/home/promise/.pyenv/bin:/opt/jdk/jdk1.8.0_45/bin:/home/promise/bin:/usr/local/sbin:/usr/local/bin:/usr/sbin:/usr/bin:/sbin:/bin:/usr/games:/usr/local/games:/home/promise/.rvm/bin:/home/promise/.rvm/bin make -C /home/promise/bin/fio/iomemory-vsl-3.2.10.1509/driver_source/kfio_config/KFIOC_QUEUE_HAS_RANDOM_FLAG V=1
+ set_kfioc_status KFIOC_QUEUE_HAS_RANDOM_FLAG 0 exit
+ local kfioc_flag=KFIOC_QUEUE_HAS_RANDOM_FLAG
+ local value=0
+ local file=exit
+ shift 3
+ mkdir -p /home/promise/bin/fio/iomemory-vsl-3.2.10.1509/driver_source/kfio_config/KFIOC_QUEUE_HAS_RANDOM_FLAG
+ printf %s\n 0
+ mv /home/promise/bin/fio/iomemory-vsl-3.2.10.1509/driver_source/kfio_config/KFIOC_QUEUE_HAS_RANDOM_FLAG/exit.tmp /home/promise/bin/fio/iomemory-vsl-3.2.10.1509/driver_source/kfio_config/KFIOC_QUEUE_HAS_RANDOM_FLAG/exit
+ local myflag=1
+ [ 0 != 0 ]
+ set_kfioc_status KFIOC_QUEUE_HAS_RANDOM_FLAG 1 result
+ local kfioc_flag=KFIOC_QUEUE_HAS_RANDOM_FLAG
+ local value=1
+ local file=result
+ shift 3
+ mkdir -p /home/promise/bin/fio/iomemory-vsl-3.2.10.1509/driver_source/kfio_config/KFIOC_QUEUE_HAS_RANDOM_FLAG
+ printf %s\n 1
+ mv /home/promise/bin/fio/iomemory-vsl-3.2.10.1509/driver_source/kfio_config/KFIOC_QUEUE_HAS_RANDOM_FLAG/result.tmp /home/promise/bin/fio/iomemory-vsl-3.2.10.1509/driver_source/kfio_config/KFIOC_QUEUE_HAS_RANDOM_FLAG/result
