+ KFIOC_HAS_PATH_LOOKUP KFIOC_HAS_PATH_LOOKUP
+ local test_flag=KFIOC_HAS_PATH_LOOKUP
+ local test_code=
#include <linux/fs.h>
#include <linux/namei.h>
void kfioc_has_path_lookup(void)
{
    (void) path_lookup("foo", 0, NULL);
}

+ kfioc_test 
#include <linux/fs.h>
#include <linux/namei.h>
void kfioc_has_path_lookup(void)
{
    (void) path_lookup("foo", 0, NULL);
}
 KFIOC_HAS_PATH_LOOKUP 1
+ local code=
#include <linux/module.h>

#include <linux/fs.h>
#include <linux/namei.h>
void kfioc_has_path_lookup(void)
{
    (void) path_lookup("foo", 0, NULL);
}


+ local kfioc_flag=KFIOC_HAS_PATH_LOOKUP
+ local positive_result=1
+ local cflags=
+ local test_dir=/home/promise/bin/fio/iomemory-vsl-3.2.10.1509/driver_source/kfio_config/KFIOC_HAS_PATH_LOOKUP
+ local result=0
+ local license=
MODULE_LICENSE("Proprietary");

+ mkdir -p /home/promise/bin/fio/iomemory-vsl-3.2.10.1509/driver_source/kfio_config/KFIOC_HAS_PATH_LOOKUP
+ fio_create_makefile KFIOC_HAS_PATH_LOOKUP 
+ local kfioc_flag=KFIOC_HAS_PATH_LOOKUP
+ local extra_cflags=
+ cat
+ echo 
#include <linux/module.h>

#include <linux/fs.h>
#include <linux/namei.h>
void kfioc_has_path_lookup(void)
{
    (void) path_lookup("foo", 0, NULL);
}


+ [ 1 -eq 0 ]
+ echo 
MODULE_LICENSE("Proprietary");

+ [ 1 -eq 0 ]
+ env -i PATH=/home/promise/.nvm/versions/node/v0.12.4/bin:/home/promise/Android/Sdk/platform-tools:/home/promise/.pyenv/shims:/home/promise/.pyenv/bin:/opt/jdk/jdk1.8.0_45/bin:/home/promise/bin:/usr/local/sbin:/usr/local/bin:/usr/sbin:/usr/bin:/sbin:/bin:/usr/games:/usr/local/games:/home/promise/.rvm/bin:/home/promise/.rvm/bin make -C /home/promise/bin/fio/iomemory-vsl-3.2.10.1509/driver_source/kfio_config/KFIOC_HAS_PATH_LOOKUP V=1
+ result=2
+ set_kfioc_status KFIOC_HAS_PATH_LOOKUP 2 exit
+ local kfioc_flag=KFIOC_HAS_PATH_LOOKUP
+ local value=2
+ local file=exit
+ shift 3
+ mkdir -p /home/promise/bin/fio/iomemory-vsl-3.2.10.1509/driver_source/kfio_config/KFIOC_HAS_PATH_LOOKUP
+ printf %s\n 2
+ mv /home/promise/bin/fio/iomemory-vsl-3.2.10.1509/driver_source/kfio_config/KFIOC_HAS_PATH_LOOKUP/exit.tmp /home/promise/bin/fio/iomemory-vsl-3.2.10.1509/driver_source/kfio_config/KFIOC_HAS_PATH_LOOKUP/exit
+ local myflag=1
+ [ 2 != 0 ]
+ myflag=0
+ set_kfioc_status KFIOC_HAS_PATH_LOOKUP 0 result
+ local kfioc_flag=KFIOC_HAS_PATH_LOOKUP
+ local value=0
+ local file=result
+ shift 3
+ mkdir -p /home/promise/bin/fio/iomemory-vsl-3.2.10.1509/driver_source/kfio_config/KFIOC_HAS_PATH_LOOKUP
+ printf %s\n 0
+ mv /home/promise/bin/fio/iomemory-vsl-3.2.10.1509/driver_source/kfio_config/KFIOC_HAS_PATH_LOOKUP/result.tmp /home/promise/bin/fio/iomemory-vsl-3.2.10.1509/driver_source/kfio_config/KFIOC_HAS_PATH_LOOKUP/result
