+ KFIOC_HAS_COMPAT_IOCTL_METHOD KFIOC_HAS_COMPAT_IOCTL_METHOD
+ local test_flag=KFIOC_HAS_COMPAT_IOCTL_METHOD
+ local test_code=
#include <linux/fs.h>
#include <linux/blkdev.h>

long myfunc(struct file *file, unsigned cmd, unsigned long arg){
    return 0L;
}

struct file_operations testops = {
    .compat_ioctl = myfunc
};

+ kfioc_test 
#include <linux/fs.h>
#include <linux/blkdev.h>

long myfunc(struct file *file, unsigned cmd, unsigned long arg){
    return 0L;
}

struct file_operations testops = {
    .compat_ioctl = myfunc
};
 KFIOC_HAS_COMPAT_IOCTL_METHOD 1
+ local code=
#include <linux/module.h>

#include <linux/fs.h>
#include <linux/blkdev.h>

long myfunc(struct file *file, unsigned cmd, unsigned long arg){
    return 0L;
}

struct file_operations testops = {
    .compat_ioctl = myfunc
};


+ local kfioc_flag=KFIOC_HAS_COMPAT_IOCTL_METHOD
+ local positive_result=1
+ local cflags=
+ local test_dir=/home/promise/bin/fio/iomemory-vsl-3.2.10.1509/driver_source/kfio_config/KFIOC_HAS_COMPAT_IOCTL_METHOD
+ local result=0
+ local license=
MODULE_LICENSE("Proprietary");

+ mkdir -p /home/promise/bin/fio/iomemory-vsl-3.2.10.1509/driver_source/kfio_config/KFIOC_HAS_COMPAT_IOCTL_METHOD
+ fio_create_makefile KFIOC_HAS_COMPAT_IOCTL_METHOD 
+ local kfioc_flag=KFIOC_HAS_COMPAT_IOCTL_METHOD
+ local extra_cflags=
+ cat
+ echo 
#include <linux/module.h>

#include <linux/fs.h>
#include <linux/blkdev.h>

long myfunc(struct file *file, unsigned cmd, unsigned long arg){
    return 0L;
}

struct file_operations testops = {
    .compat_ioctl = myfunc
};


+ [ 1 -eq 0 ]
+ echo 
MODULE_LICENSE("Proprietary");

+ [ 1 -eq 0 ]
+ env -i PATH=/home/promise/.nvm/versions/node/v0.12.4/bin:/home/promise/Android/Sdk/platform-tools:/home/promise/.pyenv/shims:/home/promise/.pyenv/bin:/opt/jdk/jdk1.8.0_45/bin:/home/promise/bin:/usr/local/sbin:/usr/local/bin:/usr/sbin:/usr/bin:/sbin:/bin:/usr/games:/usr/local/games:/home/promise/.rvm/bin:/home/promise/.rvm/bin make -C /home/promise/bin/fio/iomemory-vsl-3.2.10.1509/driver_source/kfio_config/KFIOC_HAS_COMPAT_IOCTL_METHOD V=1
+ set_kfioc_status KFIOC_HAS_COMPAT_IOCTL_METHOD 0 exit
+ local kfioc_flag=KFIOC_HAS_COMPAT_IOCTL_METHOD
+ local value=0
+ local file=exit
+ shift 3
+ mkdir -p /home/promise/bin/fio/iomemory-vsl-3.2.10.1509/driver_source/kfio_config/KFIOC_HAS_COMPAT_IOCTL_METHOD
+ printf %s\n 0
+ mv /home/promise/bin/fio/iomemory-vsl-3.2.10.1509/driver_source/kfio_config/KFIOC_HAS_COMPAT_IOCTL_METHOD/exit.tmp /home/promise/bin/fio/iomemory-vsl-3.2.10.1509/driver_source/kfio_config/KFIOC_HAS_COMPAT_IOCTL_METHOD/exit
+ local myflag=1
+ [ 0 != 0 ]
+ set_kfioc_status KFIOC_HAS_COMPAT_IOCTL_METHOD 1 result
+ local kfioc_flag=KFIOC_HAS_COMPAT_IOCTL_METHOD
+ local value=1
+ local file=result
+ shift 3
+ mkdir -p /home/promise/bin/fio/iomemory-vsl-3.2.10.1509/driver_source/kfio_config/KFIOC_HAS_COMPAT_IOCTL_METHOD
+ printf %s\n 1
+ mv /home/promise/bin/fio/iomemory-vsl-3.2.10.1509/driver_source/kfio_config/KFIOC_HAS_COMPAT_IOCTL_METHOD/result.tmp /home/promise/bin/fio/iomemory-vsl-3.2.10.1509/driver_source/kfio_config/KFIOC_HAS_COMPAT_IOCTL_METHOD/result
