+ KFIOC_WORKDATA_PASSED_IN_WORKSTRUCT KFIOC_WORKDATA_PASSED_IN_WORKSTRUCT
+ local test_flag=KFIOC_WORKDATA_PASSED_IN_WORKSTRUCT
+ local test_code=
#include <linux/workqueue.h>

struct work_struct *wq;
work_func_t func;

void tst(void)
{
    INIT_WORK(wq, func);
}

+ kfioc_test 
#include <linux/workqueue.h>

struct work_struct *wq;
work_func_t func;

void tst(void)
{
    INIT_WORK(wq, func);
}
 KFIOC_WORKDATA_PASSED_IN_WORKSTRUCT 1
+ local code=
#include <linux/module.h>

#include <linux/workqueue.h>

struct work_struct *wq;
work_func_t func;

void tst(void)
{
    INIT_WORK(wq, func);
}


+ local kfioc_flag=KFIOC_WORKDATA_PASSED_IN_WORKSTRUCT
+ local positive_result=1
+ local cflags=
+ local test_dir=/home/promise/bin/fio/iomemory-vsl-3.2.10.1509/driver_source/kfio_config/KFIOC_WORKDATA_PASSED_IN_WORKSTRUCT
+ local result=0
+ local license=
MODULE_LICENSE("Proprietary");

+ mkdir -p /home/promise/bin/fio/iomemory-vsl-3.2.10.1509/driver_source/kfio_config/KFIOC_WORKDATA_PASSED_IN_WORKSTRUCT
+ fio_create_makefile KFIOC_WORKDATA_PASSED_IN_WORKSTRUCT 
+ local kfioc_flag=KFIOC_WORKDATA_PASSED_IN_WORKSTRUCT
+ local extra_cflags=
+ cat
+ echo 
#include <linux/module.h>

#include <linux/workqueue.h>

struct work_struct *wq;
work_func_t func;

void tst(void)
{
    INIT_WORK(wq, func);
}


+ [ 1 -eq 0 ]
+ echo 
MODULE_LICENSE("Proprietary");

+ [ 1 -eq 0 ]
+ env -i PATH=/home/promise/.nvm/versions/node/v0.12.4/bin:/home/promise/Android/Sdk/platform-tools:/home/promise/.pyenv/shims:/home/promise/.pyenv/bin:/opt/jdk/jdk1.8.0_45/bin:/home/promise/bin:/usr/local/sbin:/usr/local/bin:/usr/sbin:/usr/bin:/sbin:/bin:/usr/games:/usr/local/games:/home/promise/.rvm/bin:/home/promise/.rvm/bin make -C /home/promise/bin/fio/iomemory-vsl-3.2.10.1509/driver_source/kfio_config/KFIOC_WORKDATA_PASSED_IN_WORKSTRUCT V=1
+ set_kfioc_status KFIOC_WORKDATA_PASSED_IN_WORKSTRUCT 0 exit
+ local kfioc_flag=KFIOC_WORKDATA_PASSED_IN_WORKSTRUCT
+ local value=0
+ local file=exit
+ shift 3
+ mkdir -p /home/promise/bin/fio/iomemory-vsl-3.2.10.1509/driver_source/kfio_config/KFIOC_WORKDATA_PASSED_IN_WORKSTRUCT
+ printf %s\n 0
+ mv /home/promise/bin/fio/iomemory-vsl-3.2.10.1509/driver_source/kfio_config/KFIOC_WORKDATA_PASSED_IN_WORKSTRUCT/exit.tmp /home/promise/bin/fio/iomemory-vsl-3.2.10.1509/driver_source/kfio_config/KFIOC_WORKDATA_PASSED_IN_WORKSTRUCT/exit
+ local myflag=1
+ [ 0 != 0 ]
+ set_kfioc_status KFIOC_WORKDATA_PASSED_IN_WORKSTRUCT 1 result
+ local kfioc_flag=KFIOC_WORKDATA_PASSED_IN_WORKSTRUCT
+ local value=1
+ local file=result
+ shift 3
+ mkdir -p /home/promise/bin/fio/iomemory-vsl-3.2.10.1509/driver_source/kfio_config/KFIOC_WORKDATA_PASSED_IN_WORKSTRUCT
+ printf %s\n 1
+ mv /home/promise/bin/fio/iomemory-vsl-3.2.10.1509/driver_source/kfio_config/KFIOC_WORKDATA_PASSED_IN_WORKSTRUCT/result.tmp /home/promise/bin/fio/iomemory-vsl-3.2.10.1509/driver_source/kfio_config/KFIOC_WORKDATA_PASSED_IN_WORKSTRUCT/result
