+ KFIOC_BARRIER KFIOC_BARRIER
+ local test_flag=KFIOC_BARRIER
+ local test_code=
#include <linux/blkdev.h>


void kfioc_test_blk_queue_set_discard(void) {
	(void) blk_queue_ordered(NULL,QUEUE_ORDERED_NONE, NULL);
	(void) blk_queue_ordered(NULL,QUEUE_ORDERED_TAG, NULL);
	(void) blk_queue_ordered(NULL,QUEUE_ORDERED_TAG_FLUSH, NULL);
}

+ kfioc_test 
#include <linux/blkdev.h>


void kfioc_test_blk_queue_set_discard(void) {
	(void) blk_queue_ordered(NULL,QUEUE_ORDERED_NONE, NULL);
	(void) blk_queue_ordered(NULL,QUEUE_ORDERED_TAG, NULL);
	(void) blk_queue_ordered(NULL,QUEUE_ORDERED_TAG_FLUSH, NULL);
}
 KFIOC_BARRIER 1 -Werror-implicit-function-declaration
+ local code=
#include <linux/module.h>

#include <linux/blkdev.h>


void kfioc_test_blk_queue_set_discard(void) {
	(void) blk_queue_ordered(NULL,QUEUE_ORDERED_NONE, NULL);
	(void) blk_queue_ordered(NULL,QUEUE_ORDERED_TAG, NULL);
	(void) blk_queue_ordered(NULL,QUEUE_ORDERED_TAG_FLUSH, NULL);
}


+ local kfioc_flag=KFIOC_BARRIER
+ local positive_result=1
+ local cflags=-Werror-implicit-function-declaration
+ local test_dir=/home/promise/bin/fio/iomemory-vsl-3.2.10.1509/driver_source/kfio_config/KFIOC_BARRIER
+ local result=0
+ local license=
MODULE_LICENSE("Proprietary");

+ mkdir -p /home/promise/bin/fio/iomemory-vsl-3.2.10.1509/driver_source/kfio_config/KFIOC_BARRIER
+ fio_create_makefile KFIOC_BARRIER -Werror-implicit-function-declaration
+ local kfioc_flag=KFIOC_BARRIER
+ local extra_cflags=-Werror-implicit-function-declaration
+ cat
+ echo 
#include <linux/module.h>

#include <linux/blkdev.h>


void kfioc_test_blk_queue_set_discard(void) {
	(void) blk_queue_ordered(NULL,QUEUE_ORDERED_NONE, NULL);
	(void) blk_queue_ordered(NULL,QUEUE_ORDERED_TAG, NULL);
	(void) blk_queue_ordered(NULL,QUEUE_ORDERED_TAG_FLUSH, NULL);
}


+ [ 1 -eq 0 ]
+ echo 
MODULE_LICENSE("Proprietary");

+ [ 1 -eq 0 ]
+ env -i PATH=/home/promise/.nvm/versions/node/v0.12.4/bin:/home/promise/Android/Sdk/platform-tools:/home/promise/.pyenv/shims:/home/promise/.pyenv/bin:/opt/jdk/jdk1.8.0_45/bin:/home/promise/bin:/usr/local/sbin:/usr/local/bin:/usr/sbin:/usr/bin:/sbin:/bin:/usr/games:/usr/local/games:/home/promise/.rvm/bin:/home/promise/.rvm/bin make -C /home/promise/bin/fio/iomemory-vsl-3.2.10.1509/driver_source/kfio_config/KFIOC_BARRIER V=1
+ result=2
+ set_kfioc_status KFIOC_BARRIER 2 exit
+ local kfioc_flag=KFIOC_BARRIER
+ local value=2
+ local file=exit
+ shift 3
+ mkdir -p /home/promise/bin/fio/iomemory-vsl-3.2.10.1509/driver_source/kfio_config/KFIOC_BARRIER
+ printf %s\n 2
+ mv /home/promise/bin/fio/iomemory-vsl-3.2.10.1509/driver_source/kfio_config/KFIOC_BARRIER/exit.tmp /home/promise/bin/fio/iomemory-vsl-3.2.10.1509/driver_source/kfio_config/KFIOC_BARRIER/exit
+ local myflag=1
+ [ 2 != 0 ]
+ myflag=0
+ set_kfioc_status KFIOC_BARRIER 0 result
+ local kfioc_flag=KFIOC_BARRIER
+ local value=0
+ local file=result
+ shift 3
+ mkdir -p /home/promise/bin/fio/iomemory-vsl-3.2.10.1509/driver_source/kfio_config/KFIOC_BARRIER
+ printf %s\n 0
+ mv /home/promise/bin/fio/iomemory-vsl-3.2.10.1509/driver_source/kfio_config/KFIOC_BARRIER/result.tmp /home/promise/bin/fio/iomemory-vsl-3.2.10.1509/driver_source/kfio_config/KFIOC_BARRIER/result
